mode: set
github.com/dlvhdr/gh-dash/v4/internal/config/feature_flags.go:9.41,12.2 2 1
github.com/dlvhdr/gh-dash/v4/internal/config/parser.go:50.36,52.2 1 0
github.com/dlvhdr/gh-dash/v4/internal/config/parser.go:54.50,56.2 1 0
github.com/dlvhdr/gh-dash/v4/internal/config/parser.go:58.50,60.46 2 0
github.com/dlvhdr/gh-dash/v4/internal/config/parser.go:60.46,62.3 1 0
github.com/dlvhdr/gh-dash/v4/internal/config/parser.go:63.2,63.28 1 0
github.com/dlvhdr/gh-dash/v4/internal/config/parser.go:64.23,65.25 1 0
github.com/dlvhdr/gh-dash/v4/internal/config/parser.go:66.13,67.15 1 0
github.com/dlvhdr/gh-dash/v4/internal/config/parser.go:68.16,69.18 1 0
github.com/dlvhdr/gh-dash/v4/internal/config/parser.go:70.14,71.16 1 0
github.com/dlvhdr/gh-dash/v4/internal/config/parser.go:74.2,74.12 1 0
github.com/dlvhdr/gh-dash/v4/internal/config/parser.go:121.54,123.21 2 0
github.com/dlvhdr/gh-dash/v4/internal/config/parser.go:123.21,125.3 1 0
github.com/dlvhdr/gh-dash/v4/internal/config/parser.go:127.2,127.28 1 0
github.com/dlvhdr/gh-dash/v4/internal/config/parser.go:130.61,133.21 3 0
github.com/dlvhdr/gh-dash/v4/internal/config/parser.go:133.21,135.3 1 0
github.com/dlvhdr/gh-dash/v4/internal/config/parser.go:137.2,138.16 2 0
github.com/dlvhdr/gh-dash/v4/internal/config/parser.go:138.16,140.3 1 0
github.com/dlvhdr/gh-dash/v4/internal/config/parser.go:141.2,143.12 3 0
github.com/dlvhdr/gh-dash/v4/internal/config/parser.go:209.68,211.21 2 0
github.com/dlvhdr/gh-dash/v4/internal/config/parser.go:211.21,213.3 1 0
github.com/dlvhdr/gh-dash/v4/internal/config/parser.go:215.2,215.19 1 0
github.com/dlvhdr/gh-dash/v4/internal/config/parser.go:215.19,217.3 1 0
github.com/dlvhdr/gh-dash/v4/internal/config/parser.go:219.2,222.3 1 0
github.com/dlvhdr/gh-dash/v4/internal/config/parser.go:239.32,241.2 1 1
github.com/dlvhdr/gh-dash/v4/internal/config/parser.go:243.30,245.2 1 0
github.com/dlvhdr/gh-dash/v4/internal/config/parser.go:343.54,494.2 1 1
github.com/dlvhdr/gh-dash/v4/internal/config/parser.go:496.75,501.16 4 1
github.com/dlvhdr/gh-dash/v4/internal/config/parser.go:501.16,503.3 1 0
github.com/dlvhdr/gh-dash/v4/internal/config/parser.go:504.2,504.23 1 1
github.com/dlvhdr/gh-dash/v4/internal/config/parser.go:507.37,509.16 2 0
github.com/dlvhdr/gh-dash/v4/internal/config/parser.go:509.16,514.3 1 0
github.com/dlvhdr/gh-dash/v4/internal/config/parser.go:515.2,529.3 1 0
github.com/dlvhdr/gh-dash/v4/internal/config/parser.go:534.9,536.16 2 1
github.com/dlvhdr/gh-dash/v4/internal/config/parser.go:536.16,538.3 1 0
github.com/dlvhdr/gh-dash/v4/internal/config/parser.go:539.2,540.16 2 1
github.com/dlvhdr/gh-dash/v4/internal/config/parser.go:540.16,542.3 1 0
github.com/dlvhdr/gh-dash/v4/internal/config/parser.go:544.2,544.12 1 1
github.com/dlvhdr/gh-dash/v4/internal/config/parser.go:549.9,550.59 1 1
github.com/dlvhdr/gh-dash/v4/internal/config/parser.go:550.59,558.17 3 1
github.com/dlvhdr/gh-dash/v4/internal/config/parser.go:558.17,560.4 1 0
github.com/dlvhdr/gh-dash/v4/internal/config/parser.go:562.3,563.58 2 1
github.com/dlvhdr/gh-dash/v4/internal/config/parser.go:566.2,566.12 1 1
github.com/dlvhdr/gh-dash/v4/internal/config/parser.go:569.83,571.21 2 1
github.com/dlvhdr/gh-dash/v4/internal/config/parser.go:571.21,573.17 2 0
github.com/dlvhdr/gh-dash/v4/internal/config/parser.go:573.17,575.4 1 0
github.com/dlvhdr/gh-dash/v4/internal/config/parser.go:576.3,576.65 1 0
github.com/dlvhdr/gh-dash/v4/internal/config/parser.go:579.2,584.54 4 1
github.com/dlvhdr/gh-dash/v4/internal/config/parser.go:584.54,585.60 1 1
github.com/dlvhdr/gh-dash/v4/internal/config/parser.go:585.60,591.4 1 0
github.com/dlvhdr/gh-dash/v4/internal/config/parser.go:594.2,594.73 1 1
github.com/dlvhdr/gh-dash/v4/internal/config/parser.go:594.73,596.3 1 0
github.com/dlvhdr/gh-dash/v4/internal/config/parser.go:598.2,598.28 1 1
github.com/dlvhdr/gh-dash/v4/internal/config/parser.go:601.76,604.31 2 1
github.com/dlvhdr/gh-dash/v4/internal/config/parser.go:604.31,606.3 1 1
github.com/dlvhdr/gh-dash/v4/internal/config/parser.go:606.8,606.58 1 1
github.com/dlvhdr/gh-dash/v4/internal/config/parser.go:606.58,609.3 1 1
github.com/dlvhdr/gh-dash/v4/internal/config/parser.go:609.8,609.36 1 1
github.com/dlvhdr/gh-dash/v4/internal/config/parser.go:609.36,614.51 4 1
github.com/dlvhdr/gh-dash/v4/internal/config/parser.go:614.51,616.4 1 1
github.com/dlvhdr/gh-dash/v4/internal/config/parser.go:616.9,616.59 1 0
github.com/dlvhdr/gh-dash/v4/internal/config/parser.go:616.59,618.4 1 0
github.com/dlvhdr/gh-dash/v4/internal/config/parser.go:621.2,621.28 1 1
github.com/dlvhdr/gh-dash/v4/internal/config/parser.go:624.73,626.2 1 1
github.com/dlvhdr/gh-dash/v4/internal/config/parser.go:628.100,629.63 1 1
github.com/dlvhdr/gh-dash/v4/internal/config/parser.go:629.63,631.3 1 0
github.com/dlvhdr/gh-dash/v4/internal/config/parser.go:632.2,638.11 2 1
github.com/dlvhdr/gh-dash/v4/internal/config/parser.go:638.11,654.4 12 1
github.com/dlvhdr/gh-dash/v4/internal/config/parser.go:655.16,657.3 1 0
github.com/dlvhdr/gh-dash/v4/internal/config/parser.go:658.2,660.45 2 1
github.com/dlvhdr/gh-dash/v4/internal/config/parser.go:665.81,666.55 1 1
github.com/dlvhdr/gh-dash/v4/internal/config/parser.go:666.55,668.3 1 1
github.com/dlvhdr/gh-dash/v4/internal/config/parser.go:669.2,669.60 1 1
github.com/dlvhdr/gh-dash/v4/internal/config/parser.go:669.60,671.3 1 1
github.com/dlvhdr/gh-dash/v4/internal/config/parser.go:673.2,673.56 1 1
github.com/dlvhdr/gh-dash/v4/internal/config/parser.go:673.56,675.3 1 0
github.com/dlvhdr/gh-dash/v4/internal/config/parser.go:676.2,676.61 1 1
github.com/dlvhdr/gh-dash/v4/internal/config/parser.go:676.61,678.3 1 0
github.com/dlvhdr/gh-dash/v4/internal/config/parser.go:680.2,681.75 2 1
github.com/dlvhdr/gh-dash/v4/internal/config/parser.go:681.75,683.10 2 1
github.com/dlvhdr/gh-dash/v4/internal/config/parser.go:683.10,684.12 1 0
github.com/dlvhdr/gh-dash/v4/internal/config/parser.go:687.3,688.33 2 1
github.com/dlvhdr/gh-dash/v4/internal/config/parser.go:688.33,689.35 1 1
github.com/dlvhdr/gh-dash/v4/internal/config/parser.go:689.35,691.5 1 1
github.com/dlvhdr/gh-dash/v4/internal/config/parser.go:693.3,693.48 1 1
github.com/dlvhdr/gh-dash/v4/internal/config/parser.go:695.2,695.76 1 1
github.com/dlvhdr/gh-dash/v4/internal/config/parser.go:695.76,697.10 2 1
github.com/dlvhdr/gh-dash/v4/internal/config/parser.go:697.10,698.12 1 0
github.com/dlvhdr/gh-dash/v4/internal/config/parser.go:701.3,702.10 2 1
github.com/dlvhdr/gh-dash/v4/internal/config/parser.go:702.10,703.12 1 0
github.com/dlvhdr/gh-dash/v4/internal/config/parser.go:705.3,705.37 1 1
github.com/dlvhdr/gh-dash/v4/internal/config/parser.go:705.37,707.34 2 1
github.com/dlvhdr/gh-dash/v4/internal/config/parser.go:707.34,708.36 1 1
github.com/dlvhdr/gh-dash/v4/internal/config/parser.go:708.36,710.6 1 1
github.com/dlvhdr/gh-dash/v4/internal/config/parser.go:712.4,712.29 1 1
github.com/dlvhdr/gh-dash/v4/internal/config/parser.go:715.2,716.38 2 1
github.com/dlvhdr/gh-dash/v4/internal/config/parser.go:716.38,718.3 1 1
github.com/dlvhdr/gh-dash/v4/internal/config/parser.go:719.2,719.15 1 1
github.com/dlvhdr/gh-dash/v4/internal/config/parser.go:727.38,729.2 1 0
github.com/dlvhdr/gh-dash/v4/internal/config/parser.go:731.50,733.34 2 1
github.com/dlvhdr/gh-dash/v4/internal/config/parser.go:733.34,735.3 1 1
github.com/dlvhdr/gh-dash/v4/internal/config/parser.go:736.2,737.41 2 1
github.com/dlvhdr/gh-dash/v4/internal/config/parser.go:740.32,743.68 2 1
github.com/dlvhdr/gh-dash/v4/internal/config/parser.go:743.68,745.18 2 1
github.com/dlvhdr/gh-dash/v4/internal/config/parser.go:745.18,747.4 1 0
github.com/dlvhdr/gh-dash/v4/internal/config/parser.go:748.3,748.14 1 1
github.com/dlvhdr/gh-dash/v4/internal/config/parser.go:751.2,755.3 2 1
github.com/dlvhdr/gh-dash/v4/internal/config/parser.go:764.53,773.60 5 1
github.com/dlvhdr/gh-dash/v4/internal/config/parser.go:773.60,774.90 1 1
github.com/dlvhdr/gh-dash/v4/internal/config/parser.go:774.90,776.4 1 0
github.com/dlvhdr/gh-dash/v4/internal/config/parser.go:777.3,778.46 2 1
github.com/dlvhdr/gh-dash/v4/internal/config/parser.go:781.2,782.16 2 1
github.com/dlvhdr/gh-dash/v4/internal/config/parser.go:782.16,784.3 1 0
github.com/dlvhdr/gh-dash/v4/internal/config/parser.go:786.2,786.31 1 1
github.com/dlvhdr/gh-dash/v4/internal/config/parser.go:786.31,788.17 2 1
github.com/dlvhdr/gh-dash/v4/internal/config/parser.go:788.17,790.4 1 0
github.com/dlvhdr/gh-dash/v4/internal/config/parser.go:791.3,791.24 1 1
github.com/dlvhdr/gh-dash/v4/internal/config/parser.go:794.2,794.62 1 1
github.com/dlvhdr/gh-dash/v4/internal/config/parser.go:794.62,797.3 2 0
github.com/dlvhdr/gh-dash/v4/internal/config/parser.go:799.2,799.45 1 1
github.com/dlvhdr/gh-dash/v4/internal/config/parser.go:802.74,805.16 3 1
github.com/dlvhdr/gh-dash/v4/internal/config/parser.go:805.16,807.3 1 0
github.com/dlvhdr/gh-dash/v4/internal/config/parser.go:809.2,810.46 2 1
github.com/dlvhdr/gh-dash/v4/internal/config/parser.go:810.46,812.3 1 0
github.com/dlvhdr/gh-dash/v4/internal/config/parser.go:814.2,815.17 2 1
github.com/dlvhdr/gh-dash/v4/internal/config/utils.go:9.56,11.16 2 0
github.com/dlvhdr/gh-dash/v4/internal/config/utils.go:11.16,13.3 1 0
github.com/dlvhdr/gh-dash/v4/internal/config/utils.go:14.2,14.21 1 0
github.com/dlvhdr/gh-dash/v4/internal/config/utils.go:14.21,16.3 1 0
github.com/dlvhdr/gh-dash/v4/internal/config/utils.go:18.2,28.12 3 0
github.com/dlvhdr/gh-dash/v4/internal/config/utils.go:31.61,38.2 1 0
github.com/dlvhdr/gh-dash/v4/internal/config/utils.go:40.64,46.2 1 0
github.com/dlvhdr/gh-dash/v4/internal/config/utils.go:48.71,54.2 1 0
github.com/dlvhdr/gh-dash/v4/internal/config/utils.go:56.75,58.29 2 0
github.com/dlvhdr/gh-dash/v4/internal/config/utils.go:58.29,60.3 1 0
github.com/dlvhdr/gh-dash/v4/internal/config/utils.go:61.2,61.30 1 0
github.com/dlvhdr/gh-dash/v4/internal/config/utils.go:61.30,63.3 1 0
github.com/dlvhdr/gh-dash/v4/internal/config/utils.go:64.2,64.15 1 0
github.com/dlvhdr/gh-dash/v4/internal/config/utils.go:67.41,69.19 2 0
github.com/dlvhdr/gh-dash/v4/internal/config/utils.go:69.19,71.3 1 0
github.com/dlvhdr/gh-dash/v4/internal/config/utils.go:72.2,72.12 1 0
github.com/dlvhdr/gh-dash/v4/internal/data/autocomplete/labels.go:18.72,25.2 2 0
github.com/dlvhdr/gh-dash/v4/internal/data/autocomplete/labels.go:27.140,32.23 4 1
github.com/dlvhdr/gh-dash/v4/internal/data/autocomplete/labels.go:32.23,34.3 1 1
github.com/dlvhdr/gh-dash/v4/internal/data/autocomplete/labels.go:34.8,36.3 1 1
github.com/dlvhdr/gh-dash/v4/internal/data/autocomplete/labels.go:38.2,45.31 6 1
github.com/dlvhdr/gh-dash/v4/internal/data/autocomplete/labels.go:48.73,49.36 1 1
github.com/dlvhdr/gh-dash/v4/internal/data/autocomplete/labels.go:49.36,51.3 1 1
github.com/dlvhdr/gh-dash/v4/internal/data/autocomplete/labels.go:53.2,55.26 3 1
github.com/dlvhdr/gh-dash/v4/internal/data/autocomplete/labels.go:55.26,57.3 1 0
github.com/dlvhdr/gh-dash/v4/internal/data/autocomplete/labels.go:59.2,60.38 2 1
github.com/dlvhdr/gh-dash/v4/internal/data/autocomplete/labels.go:60.38,61.28 1 1
github.com/dlvhdr/gh-dash/v4/internal/data/autocomplete/labels.go:61.28,63.4 1 1
github.com/dlvhdr/gh-dash/v4/internal/data/autocomplete/labels.go:66.2,66.17 1 1
github.com/dlvhdr/gh-dash/v4/internal/data/autocomplete/labels.go:73.66,74.17 1 1
github.com/dlvhdr/gh-dash/v4/internal/data/autocomplete/labels.go:74.17,82.3 1 1
github.com/dlvhdr/gh-dash/v4/internal/data/autocomplete/labels.go:84.2,86.19 2 1
github.com/dlvhdr/gh-dash/v4/internal/data/autocomplete/labels.go:86.19,88.3 1 0
github.com/dlvhdr/gh-dash/v4/internal/data/autocomplete/labels.go:89.2,89.28 1 1
github.com/dlvhdr/gh-dash/v4/internal/data/autocomplete/labels.go:89.28,91.3 1 0
github.com/dlvhdr/gh-dash/v4/internal/data/autocomplete/labels.go:93.2,94.38 2 1
github.com/dlvhdr/gh-dash/v4/internal/data/autocomplete/labels.go:94.38,95.22 1 1
github.com/dlvhdr/gh-dash/v4/internal/data/autocomplete/labels.go:95.22,97.9 2 1
github.com/dlvhdr/gh-dash/v4/internal/data/autocomplete/labels.go:101.2,102.42 2 1
github.com/dlvhdr/gh-dash/v4/internal/data/autocomplete/labels.go:102.42,103.22 1 1
github.com/dlvhdr/gh-dash/v4/internal/data/autocomplete/labels.go:103.22,105.9 2 1
github.com/dlvhdr/gh-dash/v4/internal/data/autocomplete/labels.go:109.2,119.3 4 1
github.com/dlvhdr/gh-dash/v4/internal/data/autocomplete/labels.go:123.43,124.36 1 1
github.com/dlvhdr/gh-dash/v4/internal/data/autocomplete/labels.go:124.36,126.3 1 0
github.com/dlvhdr/gh-dash/v4/internal/data/autocomplete/labels.go:127.2,129.29 3 1
github.com/dlvhdr/gh-dash/v4/internal/data/autocomplete/labels.go:129.29,131.20 2 1
github.com/dlvhdr/gh-dash/v4/internal/data/autocomplete/labels.go:131.20,133.4 1 1
github.com/dlvhdr/gh-dash/v4/internal/data/autocomplete/labels.go:135.2,135.15 1 1
github.com/dlvhdr/gh-dash/v4/internal/data/autocomplete/mentions.go:5.78,6.17 1 1
github.com/dlvhdr/gh-dash/v4/internal/data/autocomplete/mentions.go:6.17,8.3 1 0
github.com/dlvhdr/gh-dash/v4/internal/data/autocomplete/mentions.go:10.2,12.19 2 1
github.com/dlvhdr/gh-dash/v4/internal/data/autocomplete/mentions.go:12.19,14.3 1 0
github.com/dlvhdr/gh-dash/v4/internal/data/autocomplete/mentions.go:15.2,15.28 1 1
github.com/dlvhdr/gh-dash/v4/internal/data/autocomplete/mentions.go:15.28,17.3 1 0
github.com/dlvhdr/gh-dash/v4/internal/data/autocomplete/mentions.go:19.2,20.38 2 1
github.com/dlvhdr/gh-dash/v4/internal/data/autocomplete/mentions.go:20.38,21.31 1 1
github.com/dlvhdr/gh-dash/v4/internal/data/autocomplete/mentions.go:21.31,23.9 2 1
github.com/dlvhdr/gh-dash/v4/internal/data/autocomplete/mentions.go:25.3,25.16 1 1
github.com/dlvhdr/gh-dash/v4/internal/data/autocomplete/mentions.go:28.2,28.56 1 1
github.com/dlvhdr/gh-dash/v4/internal/data/autocomplete/mentions.go:28.56,30.3 1 1
github.com/dlvhdr/gh-dash/v4/internal/data/autocomplete/mentions.go:32.2,33.42 2 1
github.com/dlvhdr/gh-dash/v4/internal/data/autocomplete/mentions.go:33.42,34.31 1 1
github.com/dlvhdr/gh-dash/v4/internal/data/autocomplete/mentions.go:34.31,36.9 2 0
github.com/dlvhdr/gh-dash/v4/internal/data/autocomplete/mentions.go:40.2,44.3 1 1
github.com/dlvhdr/gh-dash/v4/internal/data/autocomplete/mentions.go:47.146,53.2 5 1
github.com/dlvhdr/gh-dash/v4/internal/data/autocomplete/mentions.go:55.79,57.2 1 1
github.com/dlvhdr/gh-dash/v4/internal/data/autocomplete/mentions.go:59.32,61.2 1 1
github.com/dlvhdr/gh-dash/v4/internal/data/autocomplete/mentions.go:63.34,65.2 1 1
github.com/dlvhdr/gh-dash/v4/internal/data/autocomplete/whitespace.go:15.77,22.2 2 1
github.com/dlvhdr/gh-dash/v4/internal/data/autocomplete/whitespace.go:24.145,30.2 5 1
github.com/dlvhdr/gh-dash/v4/internal/data/autocomplete/whitespace.go:32.78,33.36 1 1
github.com/dlvhdr/gh-dash/v4/internal/data/autocomplete/whitespace.go:33.36,35.3 1 0
github.com/dlvhdr/gh-dash/v4/internal/data/autocomplete/whitespace.go:37.2,39.21 3 1
github.com/dlvhdr/gh-dash/v4/internal/data/autocomplete/whitespace.go:39.21,41.3 1 0
github.com/dlvhdr/gh-dash/v4/internal/data/autocomplete/whitespace.go:43.2,44.32 2 1
github.com/dlvhdr/gh-dash/v4/internal/data/autocomplete/whitespace.go:44.32,45.28 1 1
github.com/dlvhdr/gh-dash/v4/internal/data/autocomplete/whitespace.go:45.28,47.4 1 1
github.com/dlvhdr/gh-dash/v4/internal/data/autocomplete/whitespace.go:50.2,50.17 1 1
github.com/dlvhdr/gh-dash/v4/internal/data/autocomplete/whitespace.go:53.64,54.17 1 1
github.com/dlvhdr/gh-dash/v4/internal/data/autocomplete/whitespace.go:54.17,62.3 1 0
github.com/dlvhdr/gh-dash/v4/internal/data/autocomplete/whitespace.go:64.2,66.19 2 1
github.com/dlvhdr/gh-dash/v4/internal/data/autocomplete/whitespace.go:66.19,68.3 1 0
github.com/dlvhdr/gh-dash/v4/internal/data/autocomplete/whitespace.go:69.2,69.28 1 1
github.com/dlvhdr/gh-dash/v4/internal/data/autocomplete/whitespace.go:69.28,71.3 1 0
github.com/dlvhdr/gh-dash/v4/internal/data/autocomplete/whitespace.go:73.2,74.38 2 1
github.com/dlvhdr/gh-dash/v4/internal/data/autocomplete/whitespace.go:74.38,75.29 1 1
github.com/dlvhdr/gh-dash/v4/internal/data/autocomplete/whitespace.go:75.29,77.9 2 1
github.com/dlvhdr/gh-dash/v4/internal/data/autocomplete/whitespace.go:79.3,79.16 1 1
github.com/dlvhdr/gh-dash/v4/internal/data/autocomplete/whitespace.go:82.2,83.42 2 1
github.com/dlvhdr/gh-dash/v4/internal/data/autocomplete/whitespace.go:83.42,84.29 1 1
github.com/dlvhdr/gh-dash/v4/internal/data/autocomplete/whitespace.go:84.29,86.9 2 1
github.com/dlvhdr/gh-dash/v4/internal/data/autocomplete/whitespace.go:90.2,100.3 4 1
github.com/dlvhdr/gh-dash/v4/internal/data/autocomplete/whitespace.go:104.38,105.36 1 1
github.com/dlvhdr/gh-dash/v4/internal/data/autocomplete/whitespace.go:105.36,107.3 1 0
github.com/dlvhdr/gh-dash/v4/internal/data/autocomplete/whitespace.go:108.2,110.29 3 1
github.com/dlvhdr/gh-dash/v4/internal/data/autocomplete/whitespace.go:110.29,112.20 2 1
github.com/dlvhdr/gh-dash/v4/internal/data/autocomplete/whitespace.go:112.20,114.4 1 1
github.com/dlvhdr/gh-dash/v4/internal/data/autocomplete/whitespace.go:116.2,116.14 1 1
github.com/dlvhdr/gh-dash/v4/internal/data/bookmarks.go:26.73,32.16 3 0
github.com/dlvhdr/gh-dash/v4/internal/data/bookmarks.go:32.16,34.3 1 0
github.com/dlvhdr/gh-dash/v4/internal/data/bookmarks.go:35.2,36.37 2 0
github.com/dlvhdr/gh-dash/v4/internal/data/bookmarks.go:36.37,38.3 1 0
github.com/dlvhdr/gh-dash/v4/internal/data/bookmarks.go:39.2,39.14 1 0
github.com/dlvhdr/gh-dash/v4/internal/data/bookmarks.go:42.56,44.20 2 0
github.com/dlvhdr/gh-dash/v4/internal/data/bookmarks.go:44.20,46.17 2 0
github.com/dlvhdr/gh-dash/v4/internal/data/bookmarks.go:46.17,48.4 1 0
github.com/dlvhdr/gh-dash/v4/internal/data/bookmarks.go:49.3,49.56 1 0
github.com/dlvhdr/gh-dash/v4/internal/data/bookmarks.go:51.2,51.56 1 0
github.com/dlvhdr/gh-dash/v4/internal/data/bookmarks.go:54.44,58.22 3 1
github.com/dlvhdr/gh-dash/v4/internal/data/bookmarks.go:58.22,60.3 1 0
github.com/dlvhdr/gh-dash/v4/internal/data/bookmarks.go:62.2,63.16 2 1
github.com/dlvhdr/gh-dash/v4/internal/data/bookmarks.go:63.16,64.25 1 1
github.com/dlvhdr/gh-dash/v4/internal/data/bookmarks.go:64.25,66.4 1 1
github.com/dlvhdr/gh-dash/v4/internal/data/bookmarks.go:67.3,67.13 1 0
github.com/dlvhdr/gh-dash/v4/internal/data/bookmarks.go:70.2,71.54 2 1
github.com/dlvhdr/gh-dash/v4/internal/data/bookmarks.go:71.54,73.3 1 1
github.com/dlvhdr/gh-dash/v4/internal/data/bookmarks.go:75.2,75.28 1 1
github.com/dlvhdr/gh-dash/v4/internal/data/bookmarks.go:75.28,77.3 1 1
github.com/dlvhdr/gh-dash/v4/internal/data/bookmarks.go:78.2,79.12 2 1
github.com/dlvhdr/gh-dash/v4/internal/data/bookmarks.go:82.44,86.22 3 1
github.com/dlvhdr/gh-dash/v4/internal/data/bookmarks.go:86.22,88.3 1 0
github.com/dlvhdr/gh-dash/v4/internal/data/bookmarks.go:90.2,91.24 2 1
github.com/dlvhdr/gh-dash/v4/internal/data/bookmarks.go:91.24,93.3 1 1
github.com/dlvhdr/gh-dash/v4/internal/data/bookmarks.go:95.2,96.16 2 1
github.com/dlvhdr/gh-dash/v4/internal/data/bookmarks.go:96.16,98.3 1 0
github.com/dlvhdr/gh-dash/v4/internal/data/bookmarks.go:100.2,101.48 2 1
github.com/dlvhdr/gh-dash/v4/internal/data/bookmarks.go:101.48,103.3 1 0
github.com/dlvhdr/gh-dash/v4/internal/data/bookmarks.go:107.2,108.16 2 1
github.com/dlvhdr/gh-dash/v4/internal/data/bookmarks.go:108.16,110.3 1 0
github.com/dlvhdr/gh-dash/v4/internal/data/bookmarks.go:111.2,112.47 2 1
github.com/dlvhdr/gh-dash/v4/internal/data/bookmarks.go:112.47,116.3 3 0
github.com/dlvhdr/gh-dash/v4/internal/data/bookmarks.go:117.2,117.40 1 1
github.com/dlvhdr/gh-dash/v4/internal/data/bookmarks.go:117.40,120.3 2 0
github.com/dlvhdr/gh-dash/v4/internal/data/bookmarks.go:121.2,121.55 1 1
github.com/dlvhdr/gh-dash/v4/internal/data/bookmarks.go:121.55,124.3 2 1
github.com/dlvhdr/gh-dash/v4/internal/data/bookmarks.go:126.2,127.12 2 1
github.com/dlvhdr/gh-dash/v4/internal/data/bookmarks.go:131.51,135.2 3 1
github.com/dlvhdr/gh-dash/v4/internal/data/bookmarks.go:138.46,143.2 4 1
github.com/dlvhdr/gh-dash/v4/internal/data/bookmarks.go:146.49,151.2 4 1
github.com/dlvhdr/gh-dash/v4/internal/data/bookmarks.go:154.54,157.14 3 1
github.com/dlvhdr/gh-dash/v4/internal/data/bookmarks.go:157.14,159.3 1 1
github.com/dlvhdr/gh-dash/v4/internal/data/bookmarks.go:159.8,161.3 1 1
github.com/dlvhdr/gh-dash/v4/internal/data/bookmarks.go:162.2,164.17 3 1
github.com/dlvhdr/gh-dash/v4/internal/data/bookmarks.go:168.49,172.24 4 1
github.com/dlvhdr/gh-dash/v4/internal/data/bookmarks.go:172.24,174.3 1 1
github.com/dlvhdr/gh-dash/v4/internal/data/bookmarks.go:175.2,175.12 1 1
github.com/dlvhdr/gh-dash/v4/internal/data/bookmarks.go:179.45,181.2 1 1
github.com/dlvhdr/gh-dash/v4/internal/data/bookmarks.go:191.46,192.30 1 0
github.com/dlvhdr/gh-dash/v4/internal/data/bookmarks.go:192.30,194.3 1 0
github.com/dlvhdr/gh-dash/v4/internal/data/bookmarks.go:195.2,195.22 1 0
github.com/dlvhdr/gh-dash/v4/internal/data/bookmarks.go:201.60,203.2 1 1
github.com/dlvhdr/gh-dash/v4/internal/data/bookmarks.go:206.62,208.2 1 1
github.com/dlvhdr/gh-dash/v4/internal/data/bookmarks.go:211.59,213.2 1 1
github.com/dlvhdr/gh-dash/v4/internal/data/cache.go:15.18,29.2 2 0
github.com/dlvhdr/gh-dash/v4/internal/data/cache.go:31.18,33.2 1 0
github.com/dlvhdr/gh-dash/v4/internal/data/commonapi.go:17.52,20.19 3 0
github.com/dlvhdr/gh-dash/v4/internal/data/commonapi.go:20.19,22.3 1 0
github.com/dlvhdr/gh-dash/v4/internal/data/commonapi.go:23.2,23.16 1 0
github.com/dlvhdr/gh-dash/v4/internal/data/commonapi.go:23.16,25.3 1 0
github.com/dlvhdr/gh-dash/v4/internal/data/commonapi.go:27.2,34.16 4 0
github.com/dlvhdr/gh-dash/v4/internal/data/commonapi.go:34.16,36.3 1 0
github.com/dlvhdr/gh-dash/v4/internal/data/commonapi.go:37.2,40.25 2 0
github.com/dlvhdr/gh-dash/v4/internal/data/commonapi.go:61.48,64.19 3 0
github.com/dlvhdr/gh-dash/v4/internal/data/commonapi.go:64.19,66.3 1 0
github.com/dlvhdr/gh-dash/v4/internal/data/commonapi.go:67.2,67.16 1 0
github.com/dlvhdr/gh-dash/v4/internal/data/commonapi.go:67.16,69.3 1 0
github.com/dlvhdr/gh-dash/v4/internal/data/commonapi.go:71.2,77.16 4 0
github.com/dlvhdr/gh-dash/v4/internal/data/commonapi.go:77.16,79.3 1 0
github.com/dlvhdr/gh-dash/v4/internal/data/commonapi.go:80.2,82.25 2 0
github.com/dlvhdr/gh-dash/v4/internal/data/donestore.go:23.47,28.16 3 0
github.com/dlvhdr/gh-dash/v4/internal/data/donestore.go:28.16,30.3 1 0
github.com/dlvhdr/gh-dash/v4/internal/data/donestore.go:31.2,32.37 2 0
github.com/dlvhdr/gh-dash/v4/internal/data/donestore.go:32.37,34.3 1 0
github.com/dlvhdr/gh-dash/v4/internal/data/donestore.go:35.2,35.14 1 0
github.com/dlvhdr/gh-dash/v4/internal/data/donestore.go:44.34,48.22 3 1
github.com/dlvhdr/gh-dash/v4/internal/data/donestore.go:48.22,50.3 1 0
github.com/dlvhdr/gh-dash/v4/internal/data/donestore.go:52.2,53.16 2 1
github.com/dlvhdr/gh-dash/v4/internal/data/donestore.go:53.16,54.25 1 1
github.com/dlvhdr/gh-dash/v4/internal/data/donestore.go:54.25,56.4 1 1
github.com/dlvhdr/gh-dash/v4/internal/data/donestore.go:57.3,57.13 1 0
github.com/dlvhdr/gh-dash/v4/internal/data/donestore.go:61.2,62.53 2 1
github.com/dlvhdr/gh-dash/v4/internal/data/donestore.go:62.53,63.30 1 1
github.com/dlvhdr/gh-dash/v4/internal/data/donestore.go:63.30,65.18 2 1
github.com/dlvhdr/gh-dash/v4/internal/data/donestore.go:65.18,75.13 2 0
github.com/dlvhdr/gh-dash/v4/internal/data/donestore.go:77.4,77.21 1 1
github.com/dlvhdr/gh-dash/v4/internal/data/donestore.go:79.3,81.13 3 1
github.com/dlvhdr/gh-dash/v4/internal/data/donestore.go:85.2,86.54 2 1
github.com/dlvhdr/gh-dash/v4/internal/data/donestore.go:86.54,88.3 1 1
github.com/dlvhdr/gh-dash/v4/internal/data/donestore.go:89.2,89.28 1 1
github.com/dlvhdr/gh-dash/v4/internal/data/donestore.go:89.28,91.3 1 1
github.com/dlvhdr/gh-dash/v4/internal/data/donestore.go:92.2,94.12 3 1
github.com/dlvhdr/gh-dash/v4/internal/data/donestore.go:99.29,101.31 2 1
github.com/dlvhdr/gh-dash/v4/internal/data/donestore.go:101.31,102.37 1 1
github.com/dlvhdr/gh-dash/v4/internal/data/donestore.go:102.37,104.4 1 1
github.com/dlvhdr/gh-dash/v4/internal/data/donestore.go:108.34,112.22 3 1
github.com/dlvhdr/gh-dash/v4/internal/data/donestore.go:112.22,114.3 1 0
github.com/dlvhdr/gh-dash/v4/internal/data/donestore.go:116.2,117.31 2 1
github.com/dlvhdr/gh-dash/v4/internal/data/donestore.go:117.31,119.3 1 1
github.com/dlvhdr/gh-dash/v4/internal/data/donestore.go:121.2,122.16 2 1
github.com/dlvhdr/gh-dash/v4/internal/data/donestore.go:122.16,124.3 1 0
github.com/dlvhdr/gh-dash/v4/internal/data/donestore.go:126.2,127.48 2 1
github.com/dlvhdr/gh-dash/v4/internal/data/donestore.go:127.48,129.3 1 0
github.com/dlvhdr/gh-dash/v4/internal/data/donestore.go:131.2,132.16 2 1
github.com/dlvhdr/gh-dash/v4/internal/data/donestore.go:132.16,134.3 1 0
github.com/dlvhdr/gh-dash/v4/internal/data/donestore.go:135.2,136.47 2 1
github.com/dlvhdr/gh-dash/v4/internal/data/donestore.go:136.47,140.3 3 0
github.com/dlvhdr/gh-dash/v4/internal/data/donestore.go:141.2,141.40 1 1
github.com/dlvhdr/gh-dash/v4/internal/data/donestore.go:141.40,144.3 2 0
github.com/dlvhdr/gh-dash/v4/internal/data/donestore.go:145.2,145.55 1 1
github.com/dlvhdr/gh-dash/v4/internal/data/donestore.go:145.55,148.3 2 0
github.com/dlvhdr/gh-dash/v4/internal/data/donestore.go:150.2,151.12 2 1
github.com/dlvhdr/gh-dash/v4/internal/data/donestore.go:157.62,162.2 4 1
github.com/dlvhdr/gh-dash/v4/internal/data/donestore.go:166.65,170.9 4 1
github.com/dlvhdr/gh-dash/v4/internal/data/donestore.go:170.9,172.3 1 1
github.com/dlvhdr/gh-dash/v4/internal/data/donestore.go:173.2,173.33 1 1
github.com/dlvhdr/gh-dash/v4/internal/data/donestore.go:177.39,182.2 4 1
github.com/dlvhdr/gh-dash/v4/internal/data/donestore.go:185.35,187.2 1 1
github.com/dlvhdr/gh-dash/v4/internal/data/donestore.go:197.32,198.26 1 0
github.com/dlvhdr/gh-dash/v4/internal/data/donestore.go:198.26,200.3 1 0
github.com/dlvhdr/gh-dash/v4/internal/data/donestore.go:201.2,201.18 1 0
github.com/dlvhdr/gh-dash/v4/internal/data/donestore_testing.go:8.57,13.2 1 0
github.com/dlvhdr/gh-dash/v4/internal/data/donestore_testing.go:17.59,22.16 4 0
github.com/dlvhdr/gh-dash/v4/internal/data/donestore_testing.go:22.16,22.35 1 0
github.com/dlvhdr/gh-dash/v4/internal/data/issueapi.go:62.81,64.21 2 0
github.com/dlvhdr/gh-dash/v4/internal/data/issueapi.go:64.21,66.3 1 0
github.com/dlvhdr/gh-dash/v4/internal/data/issueapi.go:67.2,67.15 1 0
github.com/dlvhdr/gh-dash/v4/internal/data/issueapi.go:70.41,72.2 1 0
github.com/dlvhdr/gh-dash/v4/internal/data/issueapi.go:74.53,76.2 1 0
github.com/dlvhdr/gh-dash/v4/internal/data/issueapi.go:78.70,80.2 1 0
github.com/dlvhdr/gh-dash/v4/internal/data/issueapi.go:82.39,84.2 1 0
github.com/dlvhdr/gh-dash/v4/internal/data/issueapi.go:86.39,88.2 1 0
github.com/dlvhdr/gh-dash/v4/internal/data/issueapi.go:90.48,92.2 1 0
github.com/dlvhdr/gh-dash/v4/internal/data/issueapi.go:94.48,96.2 1 0
github.com/dlvhdr/gh-dash/v4/internal/data/issueapi.go:98.43,100.2 1 0
github.com/dlvhdr/gh-dash/v4/internal/data/issueapi.go:102.87,104.19 2 0
github.com/dlvhdr/gh-dash/v4/internal/data/issueapi.go:104.19,106.3 1 0
github.com/dlvhdr/gh-dash/v4/internal/data/issueapi.go:108.2,108.16 1 0
github.com/dlvhdr/gh-dash/v4/internal/data/issueapi.go:108.16,110.3 1 0
github.com/dlvhdr/gh-dash/v4/internal/data/issueapi.go:112.2,122.21 3 0
github.com/dlvhdr/gh-dash/v4/internal/data/issueapi.go:122.21,124.3 1 0
github.com/dlvhdr/gh-dash/v4/internal/data/issueapi.go:125.2,132.16 4 0
github.com/dlvhdr/gh-dash/v4/internal/data/issueapi.go:132.16,134.3 1 0
github.com/dlvhdr/gh-dash/v4/internal/data/issueapi.go:135.2,138.48 3 0
github.com/dlvhdr/gh-dash/v4/internal/data/issueapi.go:138.48,140.3 1 0
github.com/dlvhdr/gh-dash/v4/internal/data/issueapi.go:142.2,146.8 1 0
github.com/dlvhdr/gh-dash/v4/internal/data/issueapi.go:156.53,158.19 2 0
github.com/dlvhdr/gh-dash/v4/internal/data/issueapi.go:158.19,160.17 2 0
github.com/dlvhdr/gh-dash/v4/internal/data/issueapi.go:160.17,162.4 1 0
github.com/dlvhdr/gh-dash/v4/internal/data/issueapi.go:165.2,171.16 3 0
github.com/dlvhdr/gh-dash/v4/internal/data/issueapi.go:171.16,173.3 1 0
github.com/dlvhdr/gh-dash/v4/internal/data/issueapi.go:174.2,179.16 4 0
github.com/dlvhdr/gh-dash/v4/internal/data/issueapi.go:179.16,181.3 1 0
github.com/dlvhdr/gh-dash/v4/internal/data/issueapi.go:182.2,184.40 2 0
github.com/dlvhdr/gh-dash/v4/internal/data/labelapi.go:17.65,22.2 4 0
github.com/dlvhdr/gh-dash/v4/internal/data/labelapi.go:24.65,26.65 1 0
github.com/dlvhdr/gh-dash/v4/internal/data/labelapi.go:26.65,28.3 1 0
github.com/dlvhdr/gh-dash/v4/internal/data/labelapi.go:30.2,42.16 3 0
github.com/dlvhdr/gh-dash/v4/internal/data/labelapi.go:42.16,44.3 1 0
github.com/dlvhdr/gh-dash/v4/internal/data/labelapi.go:46.2,47.56 2 0
github.com/dlvhdr/gh-dash/v4/internal/data/labelapi.go:47.56,49.3 1 0
github.com/dlvhdr/gh-dash/v4/internal/data/labelapi.go:51.2,52.31 2 0
github.com/dlvhdr/gh-dash/v4/internal/data/labelapi.go:52.31,53.42 1 0
github.com/dlvhdr/gh-dash/v4/internal/data/labelapi.go:53.42,55.4 1 0
github.com/dlvhdr/gh-dash/v4/internal/data/labelapi.go:58.2,61.57 3 0
github.com/dlvhdr/gh-dash/v4/internal/data/labelapi.go:61.57,63.3 1 0
github.com/dlvhdr/gh-dash/v4/internal/data/labelapi.go:65.2,66.28 2 0
github.com/dlvhdr/gh-dash/v4/internal/data/labelapi.go:69.24,73.2 3 0
github.com/dlvhdr/gh-dash/v4/internal/data/labelapi.go:75.52,79.2 3 0
github.com/dlvhdr/gh-dash/v4/internal/data/labelapi.go:81.42,83.31 2 0
github.com/dlvhdr/gh-dash/v4/internal/data/labelapi.go:83.31,85.3 1 0
github.com/dlvhdr/gh-dash/v4/internal/data/labelapi.go:86.2,86.14 1 0
github.com/dlvhdr/gh-dash/v4/internal/data/notificationapi.go:68.45,70.2 1 0
github.com/dlvhdr/gh-dash/v4/internal/data/notificationapi.go:72.57,74.2 1 0
github.com/dlvhdr/gh-dash/v4/internal/data/notificationapi.go:76.43,79.2 1 0
github.com/dlvhdr/gh-dash/v4/internal/data/notificationapi.go:81.43,82.32 1 1
github.com/dlvhdr/gh-dash/v4/internal/data/notificationapi.go:82.32,84.3 1 1
github.com/dlvhdr/gh-dash/v4/internal/data/notificationapi.go:85.2,85.68 1 1
github.com/dlvhdr/gh-dash/v4/internal/data/notificationapi.go:88.52,90.2 1 0
github.com/dlvhdr/gh-dash/v4/internal/data/notificationapi.go:92.52,95.2 1 0
github.com/dlvhdr/gh-dash/v4/internal/data/notificationapi.go:103.46,104.23 1 0
github.com/dlvhdr/gh-dash/v4/internal/data/notificationapi.go:104.23,106.3 1 0
github.com/dlvhdr/gh-dash/v4/internal/data/notificationapi.go:107.2,109.24 3 0
github.com/dlvhdr/gh-dash/v4/internal/data/notificationapi.go:126.34,128.16 2 0
github.com/dlvhdr/gh-dash/v4/internal/data/notificationapi.go:128.16,130.3 1 0
github.com/dlvhdr/gh-dash/v4/internal/data/notificationapi.go:132.2,138.16 4 0
github.com/dlvhdr/gh-dash/v4/internal/data/notificationapi.go:138.16,140.3 1 0
github.com/dlvhdr/gh-dash/v4/internal/data/notificationapi.go:143.2,144.49 2 0
github.com/dlvhdr/gh-dash/v4/internal/data/notificationapi.go:144.49,146.3 1 0
github.com/dlvhdr/gh-dash/v4/internal/data/notificationapi.go:148.2,148.27 1 0
github.com/dlvhdr/gh-dash/v4/internal/data/notificationapi.go:148.27,153.17 4 0
github.com/dlvhdr/gh-dash/v4/internal/data/notificationapi.go:153.17,155.4 1 0
github.com/dlvhdr/gh-dash/v4/internal/data/notificationapi.go:156.8,158.36 1 0
github.com/dlvhdr/gh-dash/v4/internal/data/notificationapi.go:158.36,179.18 5 0
github.com/dlvhdr/gh-dash/v4/internal/data/notificationapi.go:179.18,181.13 2 0
github.com/dlvhdr/gh-dash/v4/internal/data/notificationapi.go:183.4,183.69 1 0
github.com/dlvhdr/gh-dash/v4/internal/data/notificationapi.go:191.2,196.19 4 0
github.com/dlvhdr/gh-dash/v4/internal/data/notificationapi.go:197.29,200.38 2 0
github.com/dlvhdr/gh-dash/v4/internal/data/notificationapi.go:200.38,201.17 1 0
github.com/dlvhdr/gh-dash/v4/internal/data/notificationapi.go:201.17,203.5 1 0
github.com/dlvhdr/gh-dash/v4/internal/data/notificationapi.go:205.3,205.30 1 0
github.com/dlvhdr/gh-dash/v4/internal/data/notificationapi.go:206.31,209.38 2 0
github.com/dlvhdr/gh-dash/v4/internal/data/notificationapi.go:209.38,210.16 1 0
github.com/dlvhdr/gh-dash/v4/internal/data/notificationapi.go:210.16,212.5 1 0
github.com/dlvhdr/gh-dash/v4/internal/data/notificationapi.go:214.3,214.30 1 0
github.com/dlvhdr/gh-dash/v4/internal/data/notificationapi.go:215.28,215.28 0 0
github.com/dlvhdr/gh-dash/v4/internal/data/notificationapi.go:219.2,240.8 2 0
github.com/dlvhdr/gh-dash/v4/internal/data/notificationapi.go:246.78,248.16 2 0
github.com/dlvhdr/gh-dash/v4/internal/data/notificationapi.go:248.16,250.3 1 0
github.com/dlvhdr/gh-dash/v4/internal/data/notificationapi.go:252.2,257.16 5 0
github.com/dlvhdr/gh-dash/v4/internal/data/notificationapi.go:257.16,259.3 1 0
github.com/dlvhdr/gh-dash/v4/internal/data/notificationapi.go:261.2,261.27 1 0
github.com/dlvhdr/gh-dash/v4/internal/data/notificationapi.go:264.50,266.16 2 0
github.com/dlvhdr/gh-dash/v4/internal/data/notificationapi.go:266.16,268.3 1 0
github.com/dlvhdr/gh-dash/v4/internal/data/notificationapi.go:270.2,275.16 4 0
github.com/dlvhdr/gh-dash/v4/internal/data/notificationapi.go:275.16,277.3 1 0
github.com/dlvhdr/gh-dash/v4/internal/data/notificationapi.go:278.2,279.12 2 0
github.com/dlvhdr/gh-dash/v4/internal/data/notificationapi.go:282.50,284.16 2 0
github.com/dlvhdr/gh-dash/v4/internal/data/notificationapi.go:284.16,286.3 1 0
github.com/dlvhdr/gh-dash/v4/internal/data/notificationapi.go:288.2,294.65 4 0
github.com/dlvhdr/gh-dash/v4/internal/data/notificationapi.go:294.65,296.3 1 0
github.com/dlvhdr/gh-dash/v4/internal/data/notificationapi.go:297.2,298.12 2 0
github.com/dlvhdr/gh-dash/v4/internal/data/notificationapi.go:301.51,303.16 2 0
github.com/dlvhdr/gh-dash/v4/internal/data/notificationapi.go:303.16,305.3 1 0
github.com/dlvhdr/gh-dash/v4/internal/data/notificationapi.go:307.2,313.65 4 0
github.com/dlvhdr/gh-dash/v4/internal/data/notificationapi.go:313.65,315.3 1 0
github.com/dlvhdr/gh-dash/v4/internal/data/notificationapi.go:316.2,317.12 2 0
github.com/dlvhdr/gh-dash/v4/internal/data/notificationapi.go:320.39,322.16 2 0
github.com/dlvhdr/gh-dash/v4/internal/data/notificationapi.go:322.16,324.3 1 0
github.com/dlvhdr/gh-dash/v4/internal/data/notificationapi.go:326.2,331.65 3 0
github.com/dlvhdr/gh-dash/v4/internal/data/notificationapi.go:331.65,333.3 1 0
github.com/dlvhdr/gh-dash/v4/internal/data/notificationapi.go:334.2,335.12 2 0
github.com/dlvhdr/gh-dash/v4/internal/data/notificationapi.go:363.56,364.18 1 0
github.com/dlvhdr/gh-dash/v4/internal/data/notificationapi.go:364.18,366.3 1 0
github.com/dlvhdr/gh-dash/v4/internal/data/notificationapi.go:368.2,369.16 2 0
github.com/dlvhdr/gh-dash/v4/internal/data/notificationapi.go:369.16,371.3 1 0
github.com/dlvhdr/gh-dash/v4/internal/data/notificationapi.go:374.2,376.74 3 0
github.com/dlvhdr/gh-dash/v4/internal/data/notificationapi.go:376.74,378.3 1 0
github.com/dlvhdr/gh-dash/v4/internal/data/notificationapi.go:380.2,382.16 3 0
github.com/dlvhdr/gh-dash/v4/internal/data/notificationapi.go:382.16,385.3 2 0
github.com/dlvhdr/gh-dash/v4/internal/data/notificationapi.go:387.2,387.33 1 0
github.com/dlvhdr/gh-dash/v4/internal/data/notificationapi.go:393.97,394.20 1 1
github.com/dlvhdr/gh-dash/v4/internal/data/notificationapi.go:394.20,396.3 1 1
github.com/dlvhdr/gh-dash/v4/internal/data/notificationapi.go:398.2,401.22 3 1
github.com/dlvhdr/gh-dash/v4/internal/data/notificationapi.go:401.22,404.15 3 1
github.com/dlvhdr/gh-dash/v4/internal/data/notificationapi.go:404.15,406.4 1 1
github.com/dlvhdr/gh-dash/v4/internal/data/notificationapi.go:409.3,409.42 1 1
github.com/dlvhdr/gh-dash/v4/internal/data/notificationapi.go:409.42,412.4 2 1
github.com/dlvhdr/gh-dash/v4/internal/data/notificationapi.go:416.2,416.22 1 1
github.com/dlvhdr/gh-dash/v4/internal/data/notificationapi.go:416.22,418.3 1 1
github.com/dlvhdr/gh-dash/v4/internal/data/notificationapi.go:420.2,420.18 1 1
github.com/dlvhdr/gh-dash/v4/internal/data/notificationapi.go:431.19,433.16 2 0
github.com/dlvhdr/gh-dash/v4/internal/data/notificationapi.go:433.16,435.3 1 0
github.com/dlvhdr/gh-dash/v4/internal/data/notificationapi.go:438.2,443.16 5 0
github.com/dlvhdr/gh-dash/v4/internal/data/notificationapi.go:443.16,446.3 2 0
github.com/dlvhdr/gh-dash/v4/internal/data/notificationapi.go:448.2,448.37 1 0
github.com/dlvhdr/gh-dash/v4/internal/data/notificationapi.go:448.37,450.3 1 0
github.com/dlvhdr/gh-dash/v4/internal/data/notificationapi.go:452.2,453.22 2 0
github.com/dlvhdr/gh-dash/v4/internal/data/notificationapi.go:453.22,464.3 2 0
github.com/dlvhdr/gh-dash/v4/internal/data/notificationapi.go:466.2,466.16 1 0
github.com/dlvhdr/gh-dash/v4/internal/data/prapi.go:340.60,341.42 1 0
github.com/dlvhdr/gh-dash/v4/internal/data/prapi.go:341.42,343.3 1 0
github.com/dlvhdr/gh-dash/v4/internal/data/prapi.go:344.2,344.41 1 0
github.com/dlvhdr/gh-dash/v4/internal/data/prapi.go:344.41,346.3 1 0
github.com/dlvhdr/gh-dash/v4/internal/data/prapi.go:347.2,347.41 1 0
github.com/dlvhdr/gh-dash/v4/internal/data/prapi.go:347.41,349.3 1 0
github.com/dlvhdr/gh-dash/v4/internal/data/prapi.go:350.2,350.47 1 0
github.com/dlvhdr/gh-dash/v4/internal/data/prapi.go:350.47,352.3 1 0
github.com/dlvhdr/gh-dash/v4/internal/data/prapi.go:353.2,353.11 1 0
github.com/dlvhdr/gh-dash/v4/internal/data/prapi.go:356.53,357.42 1 0
github.com/dlvhdr/gh-dash/v4/internal/data/prapi.go:357.42,359.3 1 0
github.com/dlvhdr/gh-dash/v4/internal/data/prapi.go:360.2,360.41 1 0
github.com/dlvhdr/gh-dash/v4/internal/data/prapi.go:360.41,362.3 1 0
github.com/dlvhdr/gh-dash/v4/internal/data/prapi.go:363.2,363.41 1 0
github.com/dlvhdr/gh-dash/v4/internal/data/prapi.go:363.41,365.3 1 0
github.com/dlvhdr/gh-dash/v4/internal/data/prapi.go:366.2,366.47 1 0
github.com/dlvhdr/gh-dash/v4/internal/data/prapi.go:366.47,368.3 1 0
github.com/dlvhdr/gh-dash/v4/internal/data/prapi.go:369.2,369.11 1 0
github.com/dlvhdr/gh-dash/v4/internal/data/prapi.go:372.42,374.2 1 0
github.com/dlvhdr/gh-dash/v4/internal/data/prapi.go:393.86,395.20 2 0
github.com/dlvhdr/gh-dash/v4/internal/data/prapi.go:395.20,397.3 1 0
github.com/dlvhdr/gh-dash/v4/internal/data/prapi.go:398.2,398.15 1 0
github.com/dlvhdr/gh-dash/v4/internal/data/prapi.go:401.47,403.2 1 0
github.com/dlvhdr/gh-dash/v4/internal/data/prapi.go:405.59,407.2 1 0
github.com/dlvhdr/gh-dash/v4/internal/data/prapi.go:409.76,411.2 1 0
github.com/dlvhdr/gh-dash/v4/internal/data/prapi.go:413.45,415.2 1 0
github.com/dlvhdr/gh-dash/v4/internal/data/prapi.go:417.45,419.2 1 0
github.com/dlvhdr/gh-dash/v4/internal/data/prapi.go:421.54,423.2 1 0
github.com/dlvhdr/gh-dash/v4/internal/data/prapi.go:425.54,427.2 1 0
github.com/dlvhdr/gh-dash/v4/internal/data/prapi.go:431.70,459.2 1 0
github.com/dlvhdr/gh-dash/v4/internal/data/prapi.go:461.49,463.2 1 0
github.com/dlvhdr/gh-dash/v4/internal/data/prapi.go:476.37,479.2 2 1
github.com/dlvhdr/gh-dash/v4/internal/data/prapi.go:483.29,485.2 1 1
github.com/dlvhdr/gh-dash/v4/internal/data/prapi.go:489.38,491.2 1 1
github.com/dlvhdr/gh-dash/v4/internal/data/prapi.go:493.99,495.19 2 0
github.com/dlvhdr/gh-dash/v4/internal/data/prapi.go:495.19,496.51 1 0
github.com/dlvhdr/gh-dash/v4/internal/data/prapi.go:496.51,504.4 3 0
github.com/dlvhdr/gh-dash/v4/internal/data/prapi.go:504.9,506.4 1 0
github.com/dlvhdr/gh-dash/v4/internal/data/prapi.go:509.2,509.16 1 0
github.com/dlvhdr/gh-dash/v4/internal/data/prapi.go:509.16,511.3 1 0
github.com/dlvhdr/gh-dash/v4/internal/data/prapi.go:513.2,523.21 3 0
github.com/dlvhdr/gh-dash/v4/internal/data/prapi.go:523.21,525.3 1 0
github.com/dlvhdr/gh-dash/v4/internal/data/prapi.go:526.2,533.16 4 0
github.com/dlvhdr/gh-dash/v4/internal/data/prapi.go:533.16,535.3 1 0
github.com/dlvhdr/gh-dash/v4/internal/data/prapi.go:536.2,539.48 3 0
github.com/dlvhdr/gh-dash/v4/internal/data/prapi.go:539.48,541.3 1 0
github.com/dlvhdr/gh-dash/v4/internal/data/prapi.go:543.2,547.8 1 0
github.com/dlvhdr/gh-dash/v4/internal/data/prapi.go:550.70,552.19 2 0
github.com/dlvhdr/gh-dash/v4/internal/data/prapi.go:552.19,554.17 2 0
github.com/dlvhdr/gh-dash/v4/internal/data/prapi.go:554.17,556.4 1 0
github.com/dlvhdr/gh-dash/v4/internal/data/prapi.go:559.2,565.16 3 0
github.com/dlvhdr/gh-dash/v4/internal/data/prapi.go:565.16,567.3 1 0
github.com/dlvhdr/gh-dash/v4/internal/data/prapi.go:568.2,573.16 4 0
github.com/dlvhdr/gh-dash/v4/internal/data/prapi.go:573.16,575.3 1 0
github.com/dlvhdr/gh-dash/v4/internal/data/prapi.go:576.2,578.46 2 0
github.com/dlvhdr/gh-dash/v4/internal/data/user.go:7.41,9.16 2 0
github.com/dlvhdr/gh-dash/v4/internal/data/user.go:9.16,11.3 1 0
github.com/dlvhdr/gh-dash/v4/internal/data/user.go:13.2,19.32 3 0
github.com/dlvhdr/gh-dash/v4/internal/data/userapi.go:28.63,33.2 4 0
github.com/dlvhdr/gh-dash/v4/internal/data/userapi.go:38.61,41.50 2 0
github.com/dlvhdr/gh-dash/v4/internal/data/userapi.go:41.50,43.3 1 0
github.com/dlvhdr/gh-dash/v4/internal/data/userapi.go:46.2,46.19 1 0
github.com/dlvhdr/gh-dash/v4/internal/data/userapi.go:46.19,49.17 3 0
github.com/dlvhdr/gh-dash/v4/internal/data/userapi.go:49.17,51.4 1 0
github.com/dlvhdr/gh-dash/v4/internal/data/userapi.go:56.2,64.16 4 0
github.com/dlvhdr/gh-dash/v4/internal/data/userapi.go:64.16,66.3 1 0
github.com/dlvhdr/gh-dash/v4/internal/data/userapi.go:68.2,74.19 5 0
github.com/dlvhdr/gh-dash/v4/internal/data/userapi.go:77.23,81.2 3 0
github.com/dlvhdr/gh-dash/v4/internal/data/userapi.go:83.51,87.2 3 0
github.com/dlvhdr/gh-dash/v4/internal/data/userapi.go:89.40,91.29 2 0
github.com/dlvhdr/gh-dash/v4/internal/data/userapi.go:91.29,93.3 1 0
github.com/dlvhdr/gh-dash/v4/internal/data/userapi.go:94.2,94.15 1 0
github.com/dlvhdr/gh-dash/v4/internal/data/userapi.go:98.55,101.38 3 0
github.com/dlvhdr/gh-dash/v4/internal/data/userapi.go:101.38,102.15 1 0
github.com/dlvhdr/gh-dash/v4/internal/data/userapi.go:102.15,103.17 1 0
github.com/dlvhdr/gh-dash/v4/internal/data/userapi.go:103.17,105.5 1 0
github.com/dlvhdr/gh-dash/v4/internal/data/userapi.go:106.4,106.17 1 0
github.com/dlvhdr/gh-dash/v4/internal/data/userapi.go:109.2,109.36 1 0
github.com/dlvhdr/gh-dash/v4/internal/data/userapi.go:109.36,111.3 1 0
github.com/dlvhdr/gh-dash/v4/internal/data/userapi.go:112.2,112.14 1 0
github.com/dlvhdr/gh-dash/v4/internal/data/utils.go:20.63,22.14 1 0
github.com/dlvhdr/gh-dash/v4/internal/data/utils.go:23.55,26.36 1 0
github.com/dlvhdr/gh-dash/v4/internal/data/utils.go:27.22,30.34 1 0
github.com/dlvhdr/gh-dash/v4/internal/data/utils.go:31.21,34.33 1 0
github.com/dlvhdr/gh-dash/v4/internal/data/utils.go:35.16,38.28 1 0
github.com/dlvhdr/gh-dash/v4/internal/data/utils.go:39.15,42.27 1 0
github.com/dlvhdr/gh-dash/v4/internal/data/utils.go:43.10,46.33 1 0
github.com/dlvhdr/gh-dash/v4/gh-dash.go:7.13,9.2 1 0
github.com/dlvhdr/gh-dash/v4/internal/git/git.go:38.47,40.16 2 0
github.com/dlvhdr/gh-dash/v4/internal/git/git.go:40.16,42.3 1 0
github.com/dlvhdr/gh-dash/v4/internal/git/git.go:43.2,44.16 2 0
github.com/dlvhdr/gh-dash/v4/internal/git/git.go:44.16,46.3 1 0
github.com/dlvhdr/gh-dash/v4/internal/git/git.go:48.2,48.33 1 0
github.com/dlvhdr/gh-dash/v4/internal/git/git.go:48.33,49.25 1 0
github.com/dlvhdr/gh-dash/v4/internal/git/git.go:49.25,50.12 1 0
github.com/dlvhdr/gh-dash/v4/internal/git/git.go:53.3,54.35 2 0
github.com/dlvhdr/gh-dash/v4/internal/git/git.go:54.35,56.4 1 0
github.com/dlvhdr/gh-dash/v4/internal/git/git.go:57.3,57.22 1 0
github.com/dlvhdr/gh-dash/v4/internal/git/git.go:60.2,60.49 1 0
github.com/dlvhdr/gh-dash/v4/internal/git/git.go:63.41,65.16 2 0
github.com/dlvhdr/gh-dash/v4/internal/git/git.go:65.16,67.3 1 0
github.com/dlvhdr/gh-dash/v4/internal/git/git.go:69.2,70.16 2 0
github.com/dlvhdr/gh-dash/v4/internal/git/git.go:70.16,72.3 1 0
github.com/dlvhdr/gh-dash/v4/internal/git/git.go:74.2,77.16 2 0
github.com/dlvhdr/gh-dash/v4/internal/git/git.go:77.16,79.3 1 0
github.com/dlvhdr/gh-dash/v4/internal/git/git.go:80.2,81.16 2 0
github.com/dlvhdr/gh-dash/v4/internal/git/git.go:81.16,83.3 1 0
github.com/dlvhdr/gh-dash/v4/internal/git/git.go:85.2,86.27 2 0
github.com/dlvhdr/gh-dash/v4/internal/git/git.go:86.27,91.37 5 0
github.com/dlvhdr/gh-dash/v4/internal/git/git.go:91.37,94.4 2 0
github.com/dlvhdr/gh-dash/v4/internal/git/git.go:95.3,96.17 2 0
github.com/dlvhdr/gh-dash/v4/internal/git/git.go:96.17,98.4 1 0
github.com/dlvhdr/gh-dash/v4/internal/git/git.go:99.3,100.17 2 0
github.com/dlvhdr/gh-dash/v4/internal/git/git.go:100.17,102.4 1 0
github.com/dlvhdr/gh-dash/v4/internal/git/git.go:103.3,113.4 2 0
github.com/dlvhdr/gh-dash/v4/internal/git/git.go:115.2,115.43 1 0
github.com/dlvhdr/gh-dash/v4/internal/git/git.go:115.43,116.75 1 0
github.com/dlvhdr/gh-dash/v4/internal/git/git.go:116.75,118.4 1 0
github.com/dlvhdr/gh-dash/v4/internal/git/git.go:119.3,119.69 1 0
github.com/dlvhdr/gh-dash/v4/internal/git/git.go:122.2,123.16 2 0
github.com/dlvhdr/gh-dash/v4/internal/git/git.go:123.16,125.3 1 0
github.com/dlvhdr/gh-dash/v4/internal/git/git.go:126.2,131.16 3 0
github.com/dlvhdr/gh-dash/v4/internal/git/git.go:131.16,133.3 1 0
github.com/dlvhdr/gh-dash/v4/internal/git/git.go:134.2,135.16 2 0
github.com/dlvhdr/gh-dash/v4/internal/git/git.go:135.16,137.3 1 0
github.com/dlvhdr/gh-dash/v4/internal/git/git.go:139.2,142.8 1 0
github.com/dlvhdr/gh-dash/v4/internal/git/git.go:145.53,147.16 2 0
github.com/dlvhdr/gh-dash/v4/internal/git/git.go:147.16,149.3 1 0
github.com/dlvhdr/gh-dash/v4/internal/git/git.go:150.2,150.32 1 0
github.com/dlvhdr/gh-dash/v4/internal/git/git.go:154.72,157.16 3 0
github.com/dlvhdr/gh-dash/v4/internal/git/git.go:157.16,159.3 1 0
github.com/dlvhdr/gh-dash/v4/internal/git/git.go:160.2,162.21 3 0
github.com/dlvhdr/gh-dash/v4/internal/git/git.go:162.21,164.22 2 0
github.com/dlvhdr/gh-dash/v4/internal/git/git.go:164.22,165.12 1 0
github.com/dlvhdr/gh-dash/v4/internal/git/git.go:168.3,168.23 1 0
github.com/dlvhdr/gh-dash/v4/internal/git/git.go:169.12,170.50 1 0
github.com/dlvhdr/gh-dash/v4/internal/git/git.go:171.12,172.54 1 0
github.com/dlvhdr/gh-dash/v4/internal/git/git.go:173.12,174.56 1 0
github.com/dlvhdr/gh-dash/v4/internal/git/git.go:177.2,177.20 1 0
github.com/dlvhdr/gh-dash/v4/internal/git/git.go:180.43,182.16 2 0
github.com/dlvhdr/gh-dash/v4/internal/git/git.go:182.16,184.3 1 0
github.com/dlvhdr/gh-dash/v4/internal/git/git.go:185.2,188.16 2 0
github.com/dlvhdr/gh-dash/v4/internal/git/git.go:188.16,190.3 1 0
github.com/dlvhdr/gh-dash/v4/internal/git/git.go:191.2,191.21 1 0
github.com/dlvhdr/gh-dash/v4/internal/git/git.go:194.47,196.2 1 0
github.com/dlvhdr/gh-dash/v4/internal/git/git.go:198.42,202.2 3 0
github.com/dlvhdr/gh-dash/v4/cmd/root.go:68.16,75.16 1 0
github.com/dlvhdr/gh-dash/v4/cmd/root.go:75.16,77.3 1 0
github.com/dlvhdr/gh-dash/v4/cmd/root.go:80.25,81.32 1 0
github.com/dlvhdr/gh-dash/v4/cmd/root.go:82.19,83.31 1 0
github.com/dlvhdr/gh-dash/v4/cmd/root.go:84.14,85.30 1 0
github.com/dlvhdr/gh-dash/v4/cmd/root.go:86.14,87.30 1 0
github.com/dlvhdr/gh-dash/v4/cmd/root.go:88.15,89.31 1 0
github.com/dlvhdr/gh-dash/v4/cmd/root.go:93.78,96.11 2 0
github.com/dlvhdr/gh-dash/v4/cmd/root.go:96.11,100.21 3 0
github.com/dlvhdr/gh-dash/v4/cmd/root.go:100.21,106.31 6 0
github.com/dlvhdr/gh-dash/v4/cmd/root.go:106.31,108.5 1 0
github.com/dlvhdr/gh-dash/v4/cmd/root.go:109.9,112.4 2 0
github.com/dlvhdr/gh-dash/v4/cmd/root.go:113.8,116.3 2 0
github.com/dlvhdr/gh-dash/v4/cmd/root.go:118.2,118.43 1 0
github.com/dlvhdr/gh-dash/v4/cmd/root.go:121.65,123.18 2 0
github.com/dlvhdr/gh-dash/v4/cmd/root.go:123.18,125.3 1 0
github.com/dlvhdr/gh-dash/v4/cmd/root.go:126.2,126.16 1 0
github.com/dlvhdr/gh-dash/v4/cmd/root.go:126.16,128.3 1 0
github.com/dlvhdr/gh-dash/v4/cmd/root.go:129.2,129.19 1 0
github.com/dlvhdr/gh-dash/v4/cmd/root.go:129.19,131.3 1 0
github.com/dlvhdr/gh-dash/v4/cmd/root.go:132.2,133.66 2 0
github.com/dlvhdr/gh-dash/v4/cmd/root.go:133.66,140.3 1 0
github.com/dlvhdr/gh-dash/v4/cmd/root.go:142.2,142.15 1 0
github.com/dlvhdr/gh-dash/v4/cmd/root.go:145.13,159.16 3 0
github.com/dlvhdr/gh-dash/v4/cmd/root.go:159.16,161.3 1 0
github.com/dlvhdr/gh-dash/v4/cmd/root.go:163.2,185.54 6 0
github.com/dlvhdr/gh-dash/v4/cmd/root.go:185.54,188.29 3 0
github.com/dlvhdr/gh-dash/v4/cmd/root.go:188.29,190.4 1 0
github.com/dlvhdr/gh-dash/v4/cmd/root.go:192.3,192.17 1 0
github.com/dlvhdr/gh-dash/v4/cmd/root.go:192.17,194.30 2 0
github.com/dlvhdr/gh-dash/v4/cmd/root.go:194.30,196.5 1 0
github.com/dlvhdr/gh-dash/v4/cmd/root.go:198.3,199.17 2 0
github.com/dlvhdr/gh-dash/v4/cmd/root.go:199.17,201.4 1 0
github.com/dlvhdr/gh-dash/v4/cmd/root.go:203.3,206.20 3 0
github.com/dlvhdr/gh-dash/v4/cmd/root.go:206.20,208.4 1 0
github.com/dlvhdr/gh-dash/v4/cmd/root.go:210.3,211.17 2 0
github.com/dlvhdr/gh-dash/v4/cmd/root.go:211.17,213.4 1 0
github.com/dlvhdr/gh-dash/v4/cmd/root.go:214.3,214.23 1 0
github.com/dlvhdr/gh-dash/v4/cmd/root.go:214.23,216.18 2 0
github.com/dlvhdr/gh-dash/v4/cmd/root.go:216.18,218.5 1 0
github.com/dlvhdr/gh-dash/v4/cmd/root.go:219.4,220.32 2 0
github.com/dlvhdr/gh-dash/v4/cmd/root.go:223.3,224.36 2 0
github.com/dlvhdr/gh-dash/v4/cmd/root.go:224.36,226.4 1 0
github.com/dlvhdr/gh-dash/v4/cmd/sponsors.go:22.54,25.17 3 0
github.com/dlvhdr/gh-dash/v4/cmd/sponsors.go:25.17,27.4 1 0
github.com/dlvhdr/gh-dash/v4/cmd/sponsors.go:29.3,43.56 6 0
github.com/dlvhdr/gh-dash/v4/cmd/sponsors.go:43.56,44.34 1 0
github.com/dlvhdr/gh-dash/v4/cmd/sponsors.go:44.34,47.5 1 0
github.com/dlvhdr/gh-dash/v4/cmd/sponsors.go:47.10,50.5 1 0
github.com/dlvhdr/gh-dash/v4/cmd/sponsors.go:53.3,53.13 1 0
github.com/dlvhdr/gh-dash/v4/cmd/sponsors.go:57.13,59.2 1 0
github.com/dlvhdr/gh-dash/v4/internal/tui/components/branchsidebar/branchsidebar.go:22.50,26.2 1 1
github.com/dlvhdr/gh-dash/v4/internal/tui/components/branchsidebar/branchsidebar.go:28.53,29.27 1 0
github.com/dlvhdr/gh-dash/v4/internal/tui/components/branchsidebar/branchsidebar.go:30.29,32.16 2 0
github.com/dlvhdr/gh-dash/v4/internal/tui/components/branchsidebar/branchsidebar.go:34.2,34.15 1 0
github.com/dlvhdr/gh-dash/v4/internal/tui/components/branchsidebar/branchsidebar.go:37.30,41.21 3 1
github.com/dlvhdr/gh-dash/v4/internal/tui/components/branchsidebar/branchsidebar.go:41.21,43.3 1 1
github.com/dlvhdr/gh-dash/v4/internal/tui/components/branchsidebar/branchsidebar.go:43.8,44.92 1 1
github.com/dlvhdr/gh-dash/v4/internal/tui/components/branchsidebar/branchsidebar.go:44.92,46.4 1 1
github.com/dlvhdr/gh-dash/v4/internal/tui/components/branchsidebar/branchsidebar.go:48.3,48.39 1 1
github.com/dlvhdr/gh-dash/v4/internal/tui/components/branchsidebar/branchsidebar.go:48.39,50.4 1 1
github.com/dlvhdr/gh-dash/v4/internal/tui/components/branchsidebar/branchsidebar.go:51.3,51.41 1 1
github.com/dlvhdr/gh-dash/v4/internal/tui/components/branchsidebar/branchsidebar.go:51.41,53.4 1 1
github.com/dlvhdr/gh-dash/v4/internal/tui/components/branchsidebar/branchsidebar.go:54.3,54.42 1 1
github.com/dlvhdr/gh-dash/v4/internal/tui/components/branchsidebar/branchsidebar.go:54.42,56.4 1 1
github.com/dlvhdr/gh-dash/v4/internal/tui/components/branchsidebar/branchsidebar.go:59.2,65.21 4 1
github.com/dlvhdr/gh-dash/v4/internal/tui/components/branchsidebar/branchsidebar.go:65.21,67.3 1 1
github.com/dlvhdr/gh-dash/v4/internal/tui/components/branchsidebar/branchsidebar.go:69.2,70.24 2 1
github.com/dlvhdr/gh-dash/v4/internal/tui/components/branchsidebar/branchsidebar.go:70.24,73.3 2 1
github.com/dlvhdr/gh-dash/v4/internal/tui/components/branchsidebar/branchsidebar.go:75.2,75.19 1 1
github.com/dlvhdr/gh-dash/v4/internal/tui/components/branchsidebar/branchsidebar.go:82.54,85.2 2 0
github.com/dlvhdr/gh-dash/v4/internal/tui/components/branchsidebar/branchsidebar.go:87.50,89.16 2 0
github.com/dlvhdr/gh-dash/v4/internal/tui/components/branchsidebar/branchsidebar.go:89.16,91.3 1 0
github.com/dlvhdr/gh-dash/v4/internal/tui/components/branchsidebar/branchsidebar.go:92.2,94.3 1 0
github.com/dlvhdr/gh-dash/v4/internal/tui/components/branchsidebar/branchsidebar.go:97.67,99.2 1 0
github.com/dlvhdr/gh-dash/v4/internal/tui/common/diff.go:14.66,25.52 3 1
github.com/dlvhdr/gh-dash/v4/internal/tui/common/diff.go:25.52,26.17 1 0
github.com/dlvhdr/gh-dash/v4/internal/tui/common/diff.go:26.17,28.4 1 0
github.com/dlvhdr/gh-dash/v4/internal/tui/common/diff.go:29.3,29.13 1 0
github.com/dlvhdr/gh-dash/v4/internal/tui/common/labels.go:9.91,17.27 5 1
github.com/dlvhdr/gh-dash/v4/internal/tui/common/labels.go:17.27,26.50 4 1
github.com/dlvhdr/gh-dash/v4/internal/tui/common/labels.go:26.50,32.4 2 1
github.com/dlvhdr/gh-dash/v4/internal/tui/common/labels.go:32.9,41.4 4 1
github.com/dlvhdr/gh-dash/v4/internal/tui/common/labels.go:44.3,45.24 2 1
github.com/dlvhdr/gh-dash/v4/internal/tui/common/labels.go:48.2,50.62 2 1
github.com/dlvhdr/gh-dash/v4/internal/tui/common/repopath.go:25.83,28.8 2 1
github.com/dlvhdr/gh-dash/v4/internal/tui/common/repopath.go:28.8,30.3 1 1
github.com/dlvhdr/gh-dash/v4/internal/tui/common/repopath.go:32.2,32.58 1 1
github.com/dlvhdr/gh-dash/v4/internal/tui/common/repopath.go:32.58,36.3 2 1
github.com/dlvhdr/gh-dash/v4/internal/tui/common/repopath.go:38.2,38.16 1 1
github.com/dlvhdr/gh-dash/v4/internal/tui/common/repopath.go:38.16,40.3 1 1
github.com/dlvhdr/gh-dash/v4/internal/tui/common/repopath.go:43.2,45.19 2 1
github.com/dlvhdr/gh-dash/v4/internal/tui/common/repopath.go:45.19,48.3 1 1
github.com/dlvhdr/gh-dash/v4/internal/tui/common/repopath.go:50.2,50.50 1 1
github.com/dlvhdr/gh-dash/v4/internal/tui/common/repopath.go:50.50,56.3 1 1
github.com/dlvhdr/gh-dash/v4/internal/tui/common/repopath.go:58.2,58.18 1 1
github.com/dlvhdr/gh-dash/v4/internal/tui/common/styles.go:43.50,89.2 16 0
github.com/dlvhdr/gh-dash/v4/internal/tui/common/styles.go:93.76,100.2 1 0
github.com/dlvhdr/gh-dash/v4/internal/tui/common/styles.go:103.97,111.2 1 0
github.com/dlvhdr/gh-dash/v4/internal/tui/components/branch/branch.go:25.48,27.2 1 0
github.com/dlvhdr/gh-dash/v4/internal/tui/components/branch/branch.go:29.46,30.17 1 0
github.com/dlvhdr/gh-dash/v4/internal/tui/components/branch/branch.go:30.17,32.3 1 0
github.com/dlvhdr/gh-dash/v4/internal/tui/components/branch/branch.go:33.2,34.39 2 0
github.com/dlvhdr/gh-dash/v4/internal/tui/components/branch/branch.go:34.39,39.3 2 0
github.com/dlvhdr/gh-dash/v4/internal/tui/components/branch/branch.go:41.2,41.48 1 0
github.com/dlvhdr/gh-dash/v4/internal/tui/components/branch/branch.go:41.48,46.3 2 0
github.com/dlvhdr/gh-dash/v4/internal/tui/components/branch/branch.go:48.2,48.65 1 0
github.com/dlvhdr/gh-dash/v4/internal/tui/components/branch/branch.go:51.39,54.17 2 0
github.com/dlvhdr/gh-dash/v4/internal/tui/components/branch/branch.go:54.17,56.3 1 0
github.com/dlvhdr/gh-dash/v4/internal/tui/components/branch/branch.go:58.2,58.20 1 0
github.com/dlvhdr/gh-dash/v4/internal/tui/components/branch/branch.go:59.14,60.19 1 0
github.com/dlvhdr/gh-dash/v4/internal/tui/components/branch/branch.go:60.19,62.4 1 0
github.com/dlvhdr/gh-dash/v4/internal/tui/components/branch/branch.go:62.9,64.4 1 0
github.com/dlvhdr/gh-dash/v4/internal/tui/components/branch/branch.go:65.16,67.32 1 0
github.com/dlvhdr/gh-dash/v4/internal/tui/components/branch/branch.go:68.16,70.32 1 0
github.com/dlvhdr/gh-dash/v4/internal/tui/components/branch/branch.go:71.10,72.70 1 0
github.com/dlvhdr/gh-dash/v4/internal/tui/components/branch/branch.go:76.49,78.23 2 0
github.com/dlvhdr/gh-dash/v4/internal/tui/components/branch/branch.go:78.23,80.3 1 0
github.com/dlvhdr/gh-dash/v4/internal/tui/components/branch/branch.go:82.2,82.58 1 0
github.com/dlvhdr/gh-dash/v4/internal/tui/components/branch/branch.go:85.42,86.17 1 0
github.com/dlvhdr/gh-dash/v4/internal/tui/components/branch/branch.go:86.17,88.3 1 0
github.com/dlvhdr/gh-dash/v4/internal/tui/components/branch/branch.go:90.2,92.28 3 0
github.com/dlvhdr/gh-dash/v4/internal/tui/components/branch/branch.go:92.28,95.3 2 0
github.com/dlvhdr/gh-dash/v4/internal/tui/components/branch/branch.go:97.2,97.28 1 0
github.com/dlvhdr/gh-dash/v4/internal/tui/components/branch/branch.go:97.28,99.3 1 0
github.com/dlvhdr/gh-dash/v4/internal/tui/components/branch/branch.go:101.2,102.50 2 0
github.com/dlvhdr/gh-dash/v4/internal/tui/components/branch/branch.go:105.54,106.17 1 0
github.com/dlvhdr/gh-dash/v4/internal/tui/components/branch/branch.go:106.17,108.3 1 0
github.com/dlvhdr/gh-dash/v4/internal/tui/components/branch/branch.go:109.2,115.16 5 0
github.com/dlvhdr/gh-dash/v4/internal/tui/components/branch/branch.go:115.16,117.3 1 0
github.com/dlvhdr/gh-dash/v4/internal/tui/components/branch/branch.go:119.2,134.3 3 0
github.com/dlvhdr/gh-dash/v4/internal/tui/components/branch/branch.go:137.39,144.2 1 0
github.com/dlvhdr/gh-dash/v4/internal/tui/components/branch/branch.go:146.62,153.2 5 0
github.com/dlvhdr/gh-dash/v4/internal/tui/components/branch/branch.go:155.41,157.2 1 0
github.com/dlvhdr/gh-dash/v4/internal/tui/components/branch/branch.go:159.43,160.17 1 0
github.com/dlvhdr/gh-dash/v4/internal/tui/components/branch/branch.go:160.17,162.3 1 0
github.com/dlvhdr/gh-dash/v4/internal/tui/components/branch/branch.go:163.2,164.48 2 0
github.com/dlvhdr/gh-dash/v4/internal/tui/components/branch/branch.go:164.48,166.3 1 0
github.com/dlvhdr/gh-dash/v4/internal/tui/components/branch/branch.go:167.2,167.62 1 0
github.com/dlvhdr/gh-dash/v4/internal/tui/components/branch/branch.go:170.42,172.42 2 0
github.com/dlvhdr/gh-dash/v4/internal/tui/components/branch/branch.go:172.42,174.3 1 0
github.com/dlvhdr/gh-dash/v4/internal/tui/components/branch/branch.go:174.8,176.3 1 0
github.com/dlvhdr/gh-dash/v4/internal/tui/components/branch/branch.go:177.2,177.76 1 0
github.com/dlvhdr/gh-dash/v4/internal/tui/components/branch/branch.go:180.42,185.17 4 0
github.com/dlvhdr/gh-dash/v4/internal/tui/components/branch/branch.go:185.17,187.3 1 0
github.com/dlvhdr/gh-dash/v4/internal/tui/components/branch/branch.go:189.2,189.14 1 0
github.com/dlvhdr/gh-dash/v4/internal/tui/components/branch/branch.go:189.14,191.3 1 0
github.com/dlvhdr/gh-dash/v4/internal/tui/components/branch/branch.go:193.2,193.50 1 0
github.com/dlvhdr/gh-dash/v4/internal/tui/components/branch/branch.go:193.50,195.3 1 0
github.com/dlvhdr/gh-dash/v4/internal/tui/components/branch/branch.go:195.8,197.3 1 0
github.com/dlvhdr/gh-dash/v4/internal/tui/components/branch/branch.go:199.2,199.83 1 0
github.com/dlvhdr/gh-dash/v4/internal/tui/components/branch/branch.go:202.42,203.17 1 0
github.com/dlvhdr/gh-dash/v4/internal/tui/components/branch/branch.go:203.17,205.3 1 0
github.com/dlvhdr/gh-dash/v4/internal/tui/components/branch/branch.go:206.2,206.50 1 0
github.com/dlvhdr/gh-dash/v4/internal/tui/components/branch/branch.go:209.39,210.20 1 0
github.com/dlvhdr/gh-dash/v4/internal/tui/components/branch/branch.go:211.14,212.19 1 0
github.com/dlvhdr/gh-dash/v4/internal/tui/components/branch/branch.go:212.19,214.4 1 0
github.com/dlvhdr/gh-dash/v4/internal/tui/components/branch/branch.go:214.9,216.4 1 0
github.com/dlvhdr/gh-dash/v4/internal/tui/components/branch/branch.go:217.16,218.42 1 0
github.com/dlvhdr/gh-dash/v4/internal/tui/components/branch/branch.go:219.16,220.42 1 0
github.com/dlvhdr/gh-dash/v4/internal/tui/components/branch/branch.go:221.10,222.12 1 0
github.com/dlvhdr/gh-dash/v4/internal/tui/components/branch/branch.go:226.56,227.42 1 0
github.com/dlvhdr/gh-dash/v4/internal/tui/components/branch/branch.go:227.42,238.3 1 0
github.com/dlvhdr/gh-dash/v4/internal/tui/components/branch/branch.go:240.2,251.3 1 0
github.com/dlvhdr/gh-dash/v4/internal/tui/components/branch/branch.go:254.66,257.25 3 0
github.com/dlvhdr/gh-dash/v4/internal/tui/components/branch/branch.go:257.25,259.3 1 0
github.com/dlvhdr/gh-dash/v4/internal/tui/components/branch/branch.go:259.8,261.3 1 0
github.com/dlvhdr/gh-dash/v4/internal/tui/components/branch/branch.go:262.2,266.4 1 0
github.com/dlvhdr/gh-dash/v4/internal/tui/components/branch/branch.go:269.63,271.16 2 0
github.com/dlvhdr/gh-dash/v4/internal/tui/components/branch/branch.go:271.16,273.3 1 0
github.com/dlvhdr/gh-dash/v4/internal/tui/components/branch/branch.go:275.2,275.18 1 0
github.com/dlvhdr/gh-dash/v4/internal/tui/components/branch/branch.go:278.36,280.35 2 0
github.com/dlvhdr/gh-dash/v4/internal/tui/components/branch/branch.go:280.35,281.41 1 0
github.com/dlvhdr/gh-dash/v4/internal/tui/components/branch/branch.go:281.41,283.4 1 0
github.com/dlvhdr/gh-dash/v4/internal/tui/components/branch/branch.go:285.2,285.38 1 0
github.com/dlvhdr/gh-dash/v4/internal/tui/components/branch/branch.go:288.67,293.29 4 0
github.com/dlvhdr/gh-dash/v4/internal/tui/components/branch/branch.go:293.29,296.3 1 0
github.com/dlvhdr/gh-dash/v4/internal/tui/components/branch/branch.go:297.2,297.30 1 0
github.com/dlvhdr/gh-dash/v4/internal/tui/components/branch/branch.go:297.30,300.3 1 0
github.com/dlvhdr/gh-dash/v4/internal/tui/components/branch/branch.go:302.2,302.75 1 0
github.com/dlvhdr/gh-dash/v4/internal/tui/components/branch/branch.go:305.73,308.33 3 0
github.com/dlvhdr/gh-dash/v4/internal/tui/components/branch/branch.go:308.33,310.3 1 0
github.com/dlvhdr/gh-dash/v4/internal/tui/components/branch/branch.go:311.2,314.16 1 0
github.com/dlvhdr/gh-dash/v4/internal/tui/components/branch/data.go:15.51,16.30 1 1
github.com/dlvhdr/gh-dash/v4/internal/tui/components/branch/data.go:16.30,18.3 1 1
github.com/dlvhdr/gh-dash/v4/internal/tui/components/branch/data.go:19.2,19.26 1 1
github.com/dlvhdr/gh-dash/v4/internal/tui/components/branch/data.go:22.39,24.2 1 0
github.com/dlvhdr/gh-dash/v4/internal/tui/components/branch/data.go:26.37,27.17 1 0
github.com/dlvhdr/gh-dash/v4/internal/tui/components/branch/data.go:27.17,29.3 1 0
github.com/dlvhdr/gh-dash/v4/internal/tui/components/branch/data.go:30.2,30.20 1 0
github.com/dlvhdr/gh-dash/v4/internal/tui/components/branch/data.go:33.37,34.17 1 0
github.com/dlvhdr/gh-dash/v4/internal/tui/components/branch/data.go:34.17,36.3 1 0
github.com/dlvhdr/gh-dash/v4/internal/tui/components/branch/data.go:37.2,37.17 1 0
github.com/dlvhdr/gh-dash/v4/internal/tui/components/branch/data.go:40.46,41.33 1 1
github.com/dlvhdr/gh-dash/v4/internal/tui/components/branch/data.go:41.33,43.3 1 1
github.com/dlvhdr/gh-dash/v4/internal/tui/components/branch/data.go:44.2,44.30 1 1
github.com/dlvhdr/gh-dash/v4/internal/tui/components/branch/utils.go:8.54,17.2 2 0
github.com/dlvhdr/gh-dash/v4/internal/tui/components/detailedit/controller.go:101.50,111.2 4 1
github.com/dlvhdr/gh-dash/v4/internal/tui/components/detailedit/controller.go:113.33,115.2 1 1
github.com/dlvhdr/gh-dash/v4/internal/tui/components/detailedit/controller.go:117.35,119.2 1 1
github.com/dlvhdr/gh-dash/v4/internal/tui/components/detailedit/controller.go:121.35,122.17 1 0
github.com/dlvhdr/gh-dash/v4/internal/tui/components/detailedit/controller.go:122.17,124.3 1 0
github.com/dlvhdr/gh-dash/v4/internal/tui/components/detailedit/controller.go:126.2,126.16 1 0
github.com/dlvhdr/gh-dash/v4/internal/tui/components/detailedit/controller.go:127.55,128.43 1 0
github.com/dlvhdr/gh-dash/v4/internal/tui/components/detailedit/controller.go:129.10,130.27 1 0
github.com/dlvhdr/gh-dash/v4/internal/tui/components/detailedit/controller.go:134.42,137.2 2 0
github.com/dlvhdr/gh-dash/v4/internal/tui/components/detailedit/controller.go:139.72,143.2 3 0
github.com/dlvhdr/gh-dash/v4/internal/tui/components/detailedit/controller.go:145.39,156.2 10 1
github.com/dlvhdr/gh-dash/v4/internal/tui/components/detailedit/controller.go:158.68,175.29 14 1
github.com/dlvhdr/gh-dash/v4/internal/tui/components/detailedit/controller.go:176.23,177.69 1 1
github.com/dlvhdr/gh-dash/v4/internal/tui/components/detailedit/controller.go:177.69,181.4 3 0
github.com/dlvhdr/gh-dash/v4/internal/tui/components/detailedit/controller.go:181.9,181.42 1 1
github.com/dlvhdr/gh-dash/v4/internal/tui/components/detailedit/controller.go:181.42,183.4 1 1
github.com/dlvhdr/gh-dash/v4/internal/tui/components/detailedit/controller.go:184.24,185.71 1 1
github.com/dlvhdr/gh-dash/v4/internal/tui/components/detailedit/controller.go:185.71,189.4 3 0
github.com/dlvhdr/gh-dash/v4/internal/tui/components/detailedit/controller.go:189.9,189.42 1 1
github.com/dlvhdr/gh-dash/v4/internal/tui/components/detailedit/controller.go:189.42,191.4 1 0
github.com/dlvhdr/gh-dash/v4/internal/tui/components/detailedit/controller.go:194.2,194.33 1 1
github.com/dlvhdr/gh-dash/v4/internal/tui/components/detailedit/controller.go:197.78,203.27 2 1
github.com/dlvhdr/gh-dash/v4/internal/tui/components/detailedit/controller.go:204.28,208.26 4 1
github.com/dlvhdr/gh-dash/v4/internal/tui/components/detailedit/controller.go:208.26,210.4 1 1
github.com/dlvhdr/gh-dash/v4/internal/tui/components/detailedit/controller.go:211.3,211.42 1 1
github.com/dlvhdr/gh-dash/v4/internal/tui/components/detailedit/controller.go:213.32,214.51 1 0
github.com/dlvhdr/gh-dash/v4/internal/tui/components/detailedit/controller.go:216.27,220.77 4 1
github.com/dlvhdr/gh-dash/v4/internal/tui/components/detailedit/controller.go:220.77,222.4 1 1
github.com/dlvhdr/gh-dash/v4/internal/tui/components/detailedit/controller.go:223.3,223.42 1 1
github.com/dlvhdr/gh-dash/v4/internal/tui/components/detailedit/controller.go:225.31,226.51 1 0
github.com/dlvhdr/gh-dash/v4/internal/tui/components/detailedit/controller.go:228.54,229.56 1 1
github.com/dlvhdr/gh-dash/v4/internal/tui/components/detailedit/controller.go:229.56,231.4 1 0
github.com/dlvhdr/gh-dash/v4/internal/tui/components/detailedit/controller.go:232.3,232.16 1 1
github.com/dlvhdr/gh-dash/v4/internal/tui/components/detailedit/controller.go:232.16,234.4 1 1
github.com/dlvhdr/gh-dash/v4/internal/tui/components/detailedit/controller.go:235.3,235.27 1 1
github.com/dlvhdr/gh-dash/v4/internal/tui/components/detailedit/controller.go:236.24,237.43 1 0
github.com/dlvhdr/gh-dash/v4/internal/tui/components/detailedit/controller.go:238.25,239.44 1 1
github.com/dlvhdr/gh-dash/v4/internal/tui/components/detailedit/controller.go:240.11,241.29 1 0
github.com/dlvhdr/gh-dash/v4/internal/tui/components/detailedit/controller.go:244.18,245.18 1 1
github.com/dlvhdr/gh-dash/v4/internal/tui/components/detailedit/controller.go:245.18,247.4 1 0
github.com/dlvhdr/gh-dash/v4/internal/tui/components/detailedit/controller.go:249.3,249.10 1 1
github.com/dlvhdr/gh-dash/v4/internal/tui/components/detailedit/controller.go:250.66,251.42 1 0
github.com/dlvhdr/gh-dash/v4/internal/tui/components/detailedit/controller.go:251.42,253.5 1 0
github.com/dlvhdr/gh-dash/v4/internal/tui/components/detailedit/controller.go:254.4,255.28 2 0
github.com/dlvhdr/gh-dash/v4/internal/tui/components/detailedit/controller.go:256.25,257.44 1 0
github.com/dlvhdr/gh-dash/v4/internal/tui/components/detailedit/controller.go:258.26,259.45 1 0
github.com/dlvhdr/gh-dash/v4/internal/tui/components/detailedit/controller.go:263.3,263.23 1 1
github.com/dlvhdr/gh-dash/v4/internal/tui/components/detailedit/controller.go:264.17,268.58 4 1
github.com/dlvhdr/gh-dash/v4/internal/tui/components/detailedit/controller.go:270.24,271.24 1 1
github.com/dlvhdr/gh-dash/v4/internal/tui/components/detailedit/controller.go:271.24,272.29 1 1
github.com/dlvhdr/gh-dash/v4/internal/tui/components/detailedit/controller.go:272.29,275.6 2 1
github.com/dlvhdr/gh-dash/v4/internal/tui/components/detailedit/controller.go:276.5,277.29 2 0
github.com/dlvhdr/gh-dash/v4/internal/tui/components/detailedit/controller.go:279.4,280.28 2 0
github.com/dlvhdr/gh-dash/v4/internal/tui/components/detailedit/controller.go:282.11,283.24 1 1
github.com/dlvhdr/gh-dash/v4/internal/tui/components/detailedit/controller.go:283.24,284.51 1 1
github.com/dlvhdr/gh-dash/v4/internal/tui/components/detailedit/controller.go:284.51,285.29 1 1
github.com/dlvhdr/gh-dash/v4/internal/tui/components/detailedit/controller.go:285.29,288.7 2 1
github.com/dlvhdr/gh-dash/v4/internal/tui/components/detailedit/controller.go:290.5,290.76 1 1
github.com/dlvhdr/gh-dash/v4/internal/tui/components/detailedit/controller.go:290.76,293.6 2 1
github.com/dlvhdr/gh-dash/v4/internal/tui/components/detailedit/controller.go:294.5,294.28 1 1
github.com/dlvhdr/gh-dash/v4/internal/tui/components/detailedit/controller.go:294.28,296.6 1 0
github.com/dlvhdr/gh-dash/v4/internal/tui/components/detailedit/controller.go:300.3,301.27 2 1
github.com/dlvhdr/gh-dash/v4/internal/tui/components/detailedit/controller.go:301.27,303.4 1 1
github.com/dlvhdr/gh-dash/v4/internal/tui/components/detailedit/controller.go:305.3,308.27 3 1
github.com/dlvhdr/gh-dash/v4/internal/tui/components/detailedit/controller.go:308.27,310.41 2 1
github.com/dlvhdr/gh-dash/v4/internal/tui/components/detailedit/controller.go:310.41,311.72 1 1
github.com/dlvhdr/gh-dash/v4/internal/tui/components/detailedit/controller.go:311.72,313.6 1 0
github.com/dlvhdr/gh-dash/v4/internal/tui/components/detailedit/controller.go:313.11,315.6 1 1
github.com/dlvhdr/gh-dash/v4/internal/tui/components/detailedit/controller.go:319.3,319.42 1 1
github.com/dlvhdr/gh-dash/v4/internal/tui/components/detailedit/controller.go:322.2,322.20 1 0
github.com/dlvhdr/gh-dash/v4/internal/tui/components/detailedit/controller.go:323.62,326.73 3 0
github.com/dlvhdr/gh-dash/v4/internal/tui/components/detailedit/controller.go:329.2,329.27 1 0
github.com/dlvhdr/gh-dash/v4/internal/tui/components/detailedit/controller.go:332.43,333.26 1 1
github.com/dlvhdr/gh-dash/v4/internal/tui/components/detailedit/controller.go:334.23,335.33 1 0
github.com/dlvhdr/gh-dash/v4/internal/tui/components/detailedit/controller.go:335.33,337.4 1 0
github.com/dlvhdr/gh-dash/v4/internal/tui/components/detailedit/controller.go:338.24,339.33 1 1
github.com/dlvhdr/gh-dash/v4/internal/tui/components/detailedit/controller.go:339.33,341.4 1 1
github.com/dlvhdr/gh-dash/v4/internal/tui/components/detailedit/controller.go:345.38,348.2 2 1
github.com/dlvhdr/gh-dash/v4/internal/tui/components/detailedit/controller.go:350.41,353.2 2 1
github.com/dlvhdr/gh-dash/v4/internal/tui/components/detailedit/controller.go:355.47,359.2 3 1
github.com/dlvhdr/gh-dash/v4/internal/tui/components/detailedit/controller.go:361.57,362.27 1 1
github.com/dlvhdr/gh-dash/v4/internal/tui/components/detailedit/controller.go:362.27,364.3 1 0
github.com/dlvhdr/gh-dash/v4/internal/tui/components/detailedit/controller.go:365.2,366.69 2 1
github.com/dlvhdr/gh-dash/v4/internal/tui/components/detailedit/controller.go:366.69,369.3 2 1
github.com/dlvhdr/gh-dash/v4/internal/tui/components/detailedit/controller.go:370.2,370.76 1 1
github.com/dlvhdr/gh-dash/v4/internal/tui/components/detailedit/controller.go:373.45,374.16 1 1
github.com/dlvhdr/gh-dash/v4/internal/tui/components/detailedit/controller.go:375.55,376.14 1 1
github.com/dlvhdr/gh-dash/v4/internal/tui/components/detailedit/controller.go:377.10,378.15 1 1
github.com/dlvhdr/gh-dash/v4/internal/tui/components/detailedit/controller.go:382.59,384.17 2 1
github.com/dlvhdr/gh-dash/v4/internal/tui/components/detailedit/controller.go:384.17,386.3 1 1
github.com/dlvhdr/gh-dash/v4/internal/tui/components/detailedit/controller.go:388.2,388.29 1 1
github.com/dlvhdr/gh-dash/v4/internal/tui/components/detailedit/controller.go:388.29,390.17 2 0
github.com/dlvhdr/gh-dash/v4/internal/tui/components/detailedit/controller.go:390.17,392.4 1 0
github.com/dlvhdr/gh-dash/v4/internal/tui/components/detailedit/controller.go:393.3,393.46 1 0
github.com/dlvhdr/gh-dash/v4/internal/tui/components/detailedit/controller.go:396.2,396.27 1 1
github.com/dlvhdr/gh-dash/v4/internal/tui/components/detailedit/controller.go:396.27,398.3 1 1
github.com/dlvhdr/gh-dash/v4/internal/tui/components/detailedit/controller.go:399.2,399.17 1 0
github.com/dlvhdr/gh-dash/v4/internal/tui/components/detailedit/controller.go:402.58,404.17 2 1
github.com/dlvhdr/gh-dash/v4/internal/tui/components/detailedit/controller.go:404.17,406.3 1 0
github.com/dlvhdr/gh-dash/v4/internal/tui/components/detailedit/controller.go:408.2,408.29 1 1
github.com/dlvhdr/gh-dash/v4/internal/tui/components/detailedit/controller.go:408.29,410.17 2 0
github.com/dlvhdr/gh-dash/v4/internal/tui/components/detailedit/controller.go:410.17,412.4 1 0
github.com/dlvhdr/gh-dash/v4/internal/tui/components/detailedit/controller.go:413.3,413.43 1 0
github.com/dlvhdr/gh-dash/v4/internal/tui/components/detailedit/controller.go:416.2,416.27 1 1
github.com/dlvhdr/gh-dash/v4/internal/tui/components/detailedit/controller.go:416.27,418.3 1 0
github.com/dlvhdr/gh-dash/v4/internal/tui/components/detailedit/controller.go:419.2,419.17 1 1
github.com/dlvhdr/gh-dash/v4/internal/tui/components/detailedit/controller.go:422.72,424.29 2 1
github.com/dlvhdr/gh-dash/v4/internal/tui/components/detailedit/controller.go:424.29,429.3 1 1
github.com/dlvhdr/gh-dash/v4/internal/tui/components/detailedit/controller.go:430.2,430.20 1 1
github.com/dlvhdr/gh-dash/v4/internal/tui/components/detailedit/controller.go:433.75,435.31 2 1
github.com/dlvhdr/gh-dash/v4/internal/tui/components/detailedit/controller.go:435.31,440.3 1 1
github.com/dlvhdr/gh-dash/v4/internal/tui/components/detailedit/controller.go:441.2,441.20 1 1
github.com/dlvhdr/gh-dash/v4/internal/tui/components/issueview/activity.go:20.41,25.54 4 0
github.com/dlvhdr/gh-dash/v4/internal/tui/components/issueview/activity.go:25.54,27.17 2 0
github.com/dlvhdr/gh-dash/v4/internal/tui/components/issueview/activity.go:27.17,28.12 1 0
github.com/dlvhdr/gh-dash/v4/internal/tui/components/issueview/activity.go:30.3,33.5 1 0
github.com/dlvhdr/gh-dash/v4/internal/tui/components/issueview/activity.go:36.2,36.43 1 0
github.com/dlvhdr/gh-dash/v4/internal/tui/components/issueview/activity.go:36.43,38.3 1 0
github.com/dlvhdr/gh-dash/v4/internal/tui/components/issueview/activity.go:40.2,42.24 3 0
github.com/dlvhdr/gh-dash/v4/internal/tui/components/issueview/activity.go:42.24,44.3 1 0
github.com/dlvhdr/gh-dash/v4/internal/tui/components/issueview/activity.go:44.8,46.37 2 0
github.com/dlvhdr/gh-dash/v4/internal/tui/components/issueview/activity.go:46.37,48.4 1 0
github.com/dlvhdr/gh-dash/v4/internal/tui/components/issueview/activity.go:49.3,49.69 1 0
github.com/dlvhdr/gh-dash/v4/internal/tui/components/issueview/activity.go:52.2,52.96 1 0
github.com/dlvhdr/gh-dash/v4/internal/tui/components/issueview/activity.go:55.47,60.2 1 0
github.com/dlvhdr/gh-dash/v4/internal/tui/components/issueview/activity.go:62.32,64.2 1 0
github.com/dlvhdr/gh-dash/v4/internal/tui/components/issueview/activity.go:69.19,92.2 5 0
github.com/dlvhdr/gh-dash/v4/internal/tui/components/issueview/issueview.go:40.50,45.2 1 1
github.com/dlvhdr/gh-dash/v4/internal/tui/components/issueview/issueview.go:47.67,51.19 3 1
github.com/dlvhdr/gh-dash/v4/internal/tui/components/issueview/issueview.go:51.19,52.21 1 0
github.com/dlvhdr/gh-dash/v4/internal/tui/components/issueview/issueview.go:52.21,54.4 1 0
github.com/dlvhdr/gh-dash/v4/internal/tui/components/issueview/issueview.go:56.3,58.22 2 0
github.com/dlvhdr/gh-dash/v4/internal/tui/components/issueview/issueview.go:59.31,60.49 1 0
github.com/dlvhdr/gh-dash/v4/internal/tui/components/issueview/issueview.go:60.49,62.5 1 0
github.com/dlvhdr/gh-dash/v4/internal/tui/components/issueview/issueview.go:63.4,63.22 1 0
github.com/dlvhdr/gh-dash/v4/internal/tui/components/issueview/issueview.go:65.30,67.26 2 0
github.com/dlvhdr/gh-dash/v4/internal/tui/components/issueview/issueview.go:67.26,69.5 1 0
github.com/dlvhdr/gh-dash/v4/internal/tui/components/issueview/issueview.go:70.4,70.22 1 0
github.com/dlvhdr/gh-dash/v4/internal/tui/components/issueview/issueview.go:72.32,74.26 2 0
github.com/dlvhdr/gh-dash/v4/internal/tui/components/issueview/issueview.go:74.26,76.5 1 0
github.com/dlvhdr/gh-dash/v4/internal/tui/components/issueview/issueview.go:77.4,77.22 1 0
github.com/dlvhdr/gh-dash/v4/internal/tui/components/issueview/issueview.go:79.29,81.61 2 0
github.com/dlvhdr/gh-dash/v4/internal/tui/components/issueview/issueview.go:81.61,83.5 1 0
github.com/dlvhdr/gh-dash/v4/internal/tui/components/issueview/issueview.go:84.4,84.22 1 0
github.com/dlvhdr/gh-dash/v4/internal/tui/components/issueview/issueview.go:87.2,87.13 1 1
github.com/dlvhdr/gh-dash/v4/internal/tui/components/issueview/issueview.go:87.13,89.3 1 1
github.com/dlvhdr/gh-dash/v4/internal/tui/components/issueview/issueview.go:91.2,91.40 1 1
github.com/dlvhdr/gh-dash/v4/internal/tui/components/issueview/issueview.go:91.40,92.10 1 1
github.com/dlvhdr/gh-dash/v4/internal/tui/components/issueview/issueview.go:93.50,94.55 1 1
github.com/dlvhdr/gh-dash/v4/internal/tui/components/issueview/issueview.go:95.51,96.56 1 1
github.com/dlvhdr/gh-dash/v4/internal/tui/components/issueview/issueview.go:97.53,98.58 1 1
github.com/dlvhdr/gh-dash/v4/internal/tui/components/issueview/issueview.go:99.52,100.57 1 1
github.com/dlvhdr/gh-dash/v4/internal/tui/components/issueview/issueview.go:101.50,102.55 1 1
github.com/dlvhdr/gh-dash/v4/internal/tui/components/issueview/issueview.go:103.51,104.56 1 1
github.com/dlvhdr/gh-dash/v4/internal/tui/components/issueview/issueview.go:108.2,108.20 1 1
github.com/dlvhdr/gh-dash/v4/internal/tui/components/issueview/issueview.go:111.30,125.18 11 0
github.com/dlvhdr/gh-dash/v4/internal/tui/components/issueview/issueview.go:125.18,128.3 2 0
github.com/dlvhdr/gh-dash/v4/internal/tui/components/issueview/issueview.go:130.2,134.53 4 0
github.com/dlvhdr/gh-dash/v4/internal/tui/components/issueview/issueview.go:134.53,136.3 1 0
github.com/dlvhdr/gh-dash/v4/internal/tui/components/issueview/issueview.go:138.2,138.95 1 0
github.com/dlvhdr/gh-dash/v4/internal/tui/components/issueview/issueview.go:141.50,144.2 1 0
github.com/dlvhdr/gh-dash/v4/internal/tui/components/issueview/issueview.go:146.38,148.2 1 0
github.com/dlvhdr/gh-dash/v4/internal/tui/components/issueview/issueview.go:150.43,153.28 3 0
github.com/dlvhdr/gh-dash/v4/internal/tui/components/issueview/issueview.go:154.14,156.23 2 0
github.com/dlvhdr/gh-dash/v4/internal/tui/components/issueview/issueview.go:157.16,159.25 2 0
github.com/dlvhdr/gh-dash/v4/internal/tui/components/issueview/issueview.go:162.2,165.18 1 0
github.com/dlvhdr/gh-dash/v4/internal/tui/components/issueview/issueview.go:168.39,170.29 2 0
github.com/dlvhdr/gh-dash/v4/internal/tui/components/issueview/issueview.go:170.29,172.3 1 0
github.com/dlvhdr/gh-dash/v4/internal/tui/components/issueview/issueview.go:173.2,185.3 2 0
github.com/dlvhdr/gh-dash/v4/internal/tui/components/issueview/issueview.go:188.37,195.16 5 0
github.com/dlvhdr/gh-dash/v4/internal/tui/components/issueview/issueview.go:195.16,200.3 1 0
github.com/dlvhdr/gh-dash/v4/internal/tui/components/issueview/issueview.go:202.2,204.16 3 0
github.com/dlvhdr/gh-dash/v4/internal/tui/components/issueview/issueview.go:204.16,206.3 1 0
github.com/dlvhdr/gh-dash/v4/internal/tui/components/issueview/issueview.go:208.2,212.19 1 0
github.com/dlvhdr/gh-dash/v4/internal/tui/components/issueview/issueview.go:215.39,221.2 4 0
github.com/dlvhdr/gh-dash/v4/internal/tui/components/issueview/issueview.go:223.47,225.2 1 0
github.com/dlvhdr/gh-dash/v4/internal/tui/components/issueview/issueview.go:227.37,230.2 2 0
github.com/dlvhdr/gh-dash/v4/internal/tui/components/issueview/issueview.go:232.38,234.2 1 0
github.com/dlvhdr/gh-dash/v4/internal/tui/components/issueview/issueview.go:236.46,237.17 1 0
github.com/dlvhdr/gh-dash/v4/internal/tui/components/issueview/issueview.go:237.17,239.3 1 0
github.com/dlvhdr/gh-dash/v4/internal/tui/components/issueview/issueview.go:239.8,241.3 1 0
github.com/dlvhdr/gh-dash/v4/internal/tui/components/issueview/issueview.go:244.46,246.2 1 1
github.com/dlvhdr/gh-dash/v4/internal/tui/components/issueview/issueview.go:248.40,250.2 1 1
github.com/dlvhdr/gh-dash/v4/internal/tui/components/issueview/issueview.go:252.60,253.20 1 1
github.com/dlvhdr/gh-dash/v4/internal/tui/components/issueview/issueview.go:253.20,255.3 1 0
github.com/dlvhdr/gh-dash/v4/internal/tui/components/issueview/issueview.go:257.2,257.19 1 1
github.com/dlvhdr/gh-dash/v4/internal/tui/components/issueview/issueview.go:257.19,258.48 1 0
github.com/dlvhdr/gh-dash/v4/internal/tui/components/issueview/issueview.go:258.48,260.4 1 0
github.com/dlvhdr/gh-dash/v4/internal/tui/components/issueview/issueview.go:261.3,261.13 1 0
github.com/dlvhdr/gh-dash/v4/internal/tui/components/issueview/issueview.go:264.2,275.12 3 1
github.com/dlvhdr/gh-dash/v4/internal/tui/components/issueview/issueview.go:278.39,280.2 1 1
github.com/dlvhdr/gh-dash/v4/internal/tui/components/issueview/issueview.go:282.58,283.20 1 1
github.com/dlvhdr/gh-dash/v4/internal/tui/components/issueview/issueview.go:283.20,285.3 1 0
[...]
github.com/dlvhdr/gh-dash/v4/internal/tui/components/reposection/commands.go:105.17,107.4 1 0
github.com/dlvhdr/gh-dash/v4/internal/tui/components/reposection/commands.go:108.3,108.31 1 0
github.com/dlvhdr/gh-dash/v4/internal/tui/components/reposection/commands.go:108.31,116.4 2 0
github.com/dlvhdr/gh-dash/v4/internal/tui/components/reposection/commands.go:116.9,123.4 1 0
github.com/dlvhdr/gh-dash/v4/internal/tui/components/reposection/commands.go:124.3,124.17 1 0
github.com/dlvhdr/gh-dash/v4/internal/tui/components/reposection/commands.go:124.17,126.4 1 0
github.com/dlvhdr/gh-dash/v4/internal/tui/components/reposection/commands.go:127.3,128.17 2 0
github.com/dlvhdr/gh-dash/v4/internal/tui/components/reposection/commands.go:128.17,130.4 1 0
github.com/dlvhdr/gh-dash/v4/internal/tui/components/reposection/commands.go:132.3,138.4 1 0
github.com/dlvhdr/gh-dash/v4/internal/tui/components/reposection/commands.go:142.45,154.44 5 0
github.com/dlvhdr/gh-dash/v4/internal/tui/components/reposection/commands.go:154.44,156.17 2 0
github.com/dlvhdr/gh-dash/v4/internal/tui/components/reposection/commands.go:156.17,158.4 1 0
github.com/dlvhdr/gh-dash/v4/internal/tui/components/reposection/commands.go:159.3,160.17 2 0
github.com/dlvhdr/gh-dash/v4/internal/tui/components/reposection/commands.go:160.17,162.4 1 0
github.com/dlvhdr/gh-dash/v4/internal/tui/components/reposection/commands.go:164.3,170.4 1 0
github.com/dlvhdr/gh-dash/v4/internal/tui/components/reposection/commands.go:179.41,182.26 3 0
github.com/dlvhdr/gh-dash/v4/internal/tui/components/reposection/commands.go:182.26,192.3 3 0
github.com/dlvhdr/gh-dash/v4/internal/tui/components/reposection/commands.go:193.2,193.37 1 0
github.com/dlvhdr/gh-dash/v4/internal/tui/components/reposection/commands.go:193.37,195.17 2 0
github.com/dlvhdr/gh-dash/v4/internal/tui/components/reposection/commands.go:195.17,197.4 1 0
github.com/dlvhdr/gh-dash/v4/internal/tui/components/reposection/commands.go:198.3,204.4 1 0
github.com/dlvhdr/gh-dash/v4/internal/tui/components/reposection/commands.go:206.2,206.13 1 0
github.com/dlvhdr/gh-dash/v4/internal/tui/components/reposection/commands.go:209.42,212.26 3 0
github.com/dlvhdr/gh-dash/v4/internal/tui/components/reposection/commands.go:212.26,214.3 1 0
github.com/dlvhdr/gh-dash/v4/internal/tui/components/reposection/commands.go:215.2,223.37 3 0
github.com/dlvhdr/gh-dash/v4/internal/tui/components/reposection/commands.go:223.37,225.17 2 0
github.com/dlvhdr/gh-dash/v4/internal/tui/components/reposection/commands.go:225.17,227.4 1 0
github.com/dlvhdr/gh-dash/v4/internal/tui/components/reposection/commands.go:228.3,234.4 1 0
github.com/dlvhdr/gh-dash/v4/internal/tui/components/reposection/commands.go:236.2,236.13 1 0
github.com/dlvhdr/gh-dash/v4/internal/tui/components/reposection/commands.go:239.39,249.44 4 0
github.com/dlvhdr/gh-dash/v4/internal/tui/components/reposection/commands.go:249.44,251.19 2 0
github.com/dlvhdr/gh-dash/v4/internal/tui/components/reposection/commands.go:251.19,253.4 1 0
github.com/dlvhdr/gh-dash/v4/internal/tui/components/reposection/commands.go:254.3,259.17 2 0
github.com/dlvhdr/gh-dash/v4/internal/tui/components/reposection/commands.go:259.17,266.4 1 0
github.com/dlvhdr/gh-dash/v4/internal/tui/components/reposection/commands.go:267.3,277.4 1 0
github.com/dlvhdr/gh-dash/v4/internal/tui/components/reposection/commands.go:281.53,291.44 4 0
github.com/dlvhdr/gh-dash/v4/internal/tui/components/reposection/commands.go:291.44,298.17 3 0
github.com/dlvhdr/gh-dash/v4/internal/tui/components/reposection/commands.go:298.17,305.4 1 0
github.com/dlvhdr/gh-dash/v4/internal/tui/components/reposection/commands.go:307.3,307.24 1 0
github.com/dlvhdr/gh-dash/v4/internal/tui/components/reposection/commands.go:307.24,314.4 1 0
github.com/dlvhdr/gh-dash/v4/internal/tui/components/reposection/commands.go:316.3,324.4 1 0
github.com/dlvhdr/gh-dash/v4/internal/tui/components/reposection/commands.go:344.19,349.2 4 0
github.com/dlvhdr/gh-dash/v4/internal/tui/components/reposection/commands.go:351.50,354.29 1 0
github.com/dlvhdr/gh-dash/v4/internal/tui/components/reposection/commands.go:354.29,356.4 1 0
github.com/dlvhdr/gh-dash/v4/internal/tui/components/reposection/commands.go:360.43,363.29 1 0
github.com/dlvhdr/gh-dash/v4/internal/tui/components/reposection/commands.go:363.29,365.4 1 0
github.com/dlvhdr/gh-dash/v4/internal/tui/components/reposection/commands.go:369.50,374.2 4 0
github.com/dlvhdr/gh-dash/v4/internal/tui/components/reposection/commands.go:376.45,381.2 4 0
github.com/dlvhdr/gh-dash/v4/internal/tui/components/reposection/commands.go:383.38,387.2 3 0
github.com/dlvhdr/gh-dash/v4/internal/tui/components/reposection/commands.go:389.40,401.44 5 0
github.com/dlvhdr/gh-dash/v4/internal/tui/components/reposection/commands.go:401.44,403.17 2 0
github.com/dlvhdr/gh-dash/v4/internal/tui/components/reposection/commands.go:403.17,405.4 1 0
github.com/dlvhdr/gh-dash/v4/internal/tui/components/reposection/commands.go:406.3,407.17 2 0
github.com/dlvhdr/gh-dash/v4/internal/tui/components/reposection/commands.go:407.17,409.4 1 0
github.com/dlvhdr/gh-dash/v4/internal/tui/components/reposection/commands.go:411.3,417.4 1 0
github.com/dlvhdr/gh-dash/v4/internal/tui/components/reposection/commands.go:421.48,431.44 4 0
github.com/dlvhdr/gh-dash/v4/internal/tui/components/reposection/commands.go:431.44,437.17 2 0
github.com/dlvhdr/gh-dash/v4/internal/tui/components/reposection/commands.go:437.17,439.4 1 0
github.com/dlvhdr/gh-dash/v4/internal/tui/components/reposection/commands.go:440.3,441.17 2 0
github.com/dlvhdr/gh-dash/v4/internal/tui/components/reposection/commands.go:441.17,443.4 1 0
github.com/dlvhdr/gh-dash/v4/internal/tui/components/reposection/commands.go:445.3,451.4 1 0
github.com/dlvhdr/gh-dash/v4/internal/tui/components/reposection/reposection.go:44.9,66.2 9 0
github.com/dlvhdr/gh-dash/v4/internal/tui/components/reposection/reposection.go:68.64,73.27 4 0
github.com/dlvhdr/gh-dash/v4/internal/tui/components/reposection/reposection.go:74.18,76.26 1 0
github.com/dlvhdr/gh-dash/v4/internal/tui/components/reposection/reposection.go:76.26,77.24 1 0
github.com/dlvhdr/gh-dash/v4/internal/tui/components/reposection/reposection.go:78.25,81.23 3 0
github.com/dlvhdr/gh-dash/v4/internal/tui/components/reposection/reposection.go:83.17,88.18 5 0
github.com/dlvhdr/gh-dash/v4/internal/tui/components/reposection/reposection.go:91.4,91.9 1 0
github.com/dlvhdr/gh-dash/v4/internal/tui/components/reposection/reposection.go:94.3,94.38 1 0
github.com/dlvhdr/gh-dash/v4/internal/tui/components/reposection/reposection.go:94.38,95.24 1 0
github.com/dlvhdr/gh-dash/v4/internal/tui/components/reposection/reposection.go:96.25,99.18 3 0
github.com/dlvhdr/gh-dash/v4/internal/tui/components/reposection/reposection.go:101.17,106.19 5 0
github.com/dlvhdr/gh-dash/v4/internal/tui/components/reposection/reposection.go:107.16,108.30 1 0
github.com/dlvhdr/gh-dash/v4/internal/tui/components/reposection/reposection.go:109.22,110.53 1 0
github.com/dlvhdr/gh-dash/v4/internal/tui/components/reposection/reposection.go:111.13,113.53 2 0
github.com/dlvhdr/gh-dash/v4/internal/tui/components/reposection/reposection.go:113.53,114.21 1 0
github.com/dlvhdr/gh-dash/v4/internal/tui/components/reposection/reposection.go:115.21,116.30 1 0
github.com/dlvhdr/gh-dash/v4/internal/tui/components/reposection/reposection.go:117.20,118.43 1 0
github.com/dlvhdr/gh-dash/v4/internal/tui/components/reposection/reposection.go:119.21,120.44 1 0
github.com/dlvhdr/gh-dash/v4/internal/tui/components/reposection/reposection.go:121.20,122.43 1 0
github.com/dlvhdr/gh-dash/v4/internal/tui/components/reposection/reposection.go:123.20,124.43 1 0
github.com/dlvhdr/gh-dash/v4/internal/tui/components/reposection/reposection.go:125.21,126.44 1 0
github.com/dlvhdr/gh-dash/v4/internal/tui/components/reposection/reposection.go:131.5,134.39 3 0
github.com/dlvhdr/gh-dash/v4/internal/tui/components/reposection/reposection.go:137.4,137.9 1 0
github.com/dlvhdr/gh-dash/v4/internal/tui/components/reposection/reposection.go:140.3,140.10 1 0
github.com/dlvhdr/gh-dash/v4/internal/tui/components/reposection/reposection.go:141.51,143.18 2 0
github.com/dlvhdr/gh-dash/v4/internal/tui/components/reposection/reposection.go:143.18,145.5 1 0
github.com/dlvhdr/gh-dash/v4/internal/tui/components/reposection/reposection.go:147.47,149.18 2 0
github.com/dlvhdr/gh-dash/v4/internal/tui/components/reposection/reposection.go:149.18,151.5 1 0
github.com/dlvhdr/gh-dash/v4/internal/tui/components/reposection/reposection.go:152.52,154.18 2 0
github.com/dlvhdr/gh-dash/v4/internal/tui/components/reposection/reposection.go:154.18,156.5 1 0
github.com/dlvhdr/gh-dash/v4/internal/tui/components/reposection/reposection.go:157.54,159.18 2 0
github.com/dlvhdr/gh-dash/v4/internal/tui/components/reposection/reposection.go:159.18,161.5 1 0
github.com/dlvhdr/gh-dash/v4/internal/tui/components/reposection/reposection.go:164.29,165.45 1 0
github.com/dlvhdr/gh-dash/v4/internal/tui/components/reposection/reposection.go:165.45,167.4 1 0
github.com/dlvhdr/gh-dash/v4/internal/tui/components/reposection/reposection.go:168.3,168.23 1 0
github.com/dlvhdr/gh-dash/v4/internal/tui/components/reposection/reposection.go:168.23,170.4 1 0
github.com/dlvhdr/gh-dash/v4/internal/tui/components/reposection/reposection.go:172.15,176.25 4 0
github.com/dlvhdr/gh-dash/v4/internal/tui/components/reposection/reposection.go:176.25,178.4 1 0
github.com/dlvhdr/gh-dash/v4/internal/tui/components/reposection/reposection.go:180.37,181.18 1 0
github.com/dlvhdr/gh-dash/v4/internal/tui/components/reposection/reposection.go:183.26,184.28 1 0
github.com/dlvhdr/gh-dash/v4/internal/tui/components/reposection/reposection.go:184.28,186.4 1 0
github.com/dlvhdr/gh-dash/v4/internal/tui/components/reposection/reposection.go:188.21,189.28 1 0
github.com/dlvhdr/gh-dash/v4/internal/tui/components/reposection/reposection.go:189.28,191.4 1 0
github.com/dlvhdr/gh-dash/v4/internal/tui/components/reposection/reposection.go:194.2,213.30 14 0
github.com/dlvhdr/gh-dash/v4/internal/tui/components/reposection/reposection.go:216.31,218.25 2 0
github.com/dlvhdr/gh-dash/v4/internal/tui/components/reposection/reposection.go:218.25,227.3 2 0
github.com/dlvhdr/gh-dash/v4/internal/tui/components/reposection/reposection.go:227.8,229.3 1 0
github.com/dlvhdr/gh-dash/v4/internal/tui/components/reposection/reposection.go:231.2,233.3 1 0
github.com/dlvhdr/gh-dash/v4/internal/tui/components/reposection/reposection.go:239.18,263.40 13 0
github.com/dlvhdr/gh-dash/v4/internal/tui/components/reposection/reposection.go:263.40,307.3 1 0
github.com/dlvhdr/gh-dash/v4/internal/tui/components/reposection/reposection.go:309.2,361.3 1 0
github.com/dlvhdr/gh-dash/v4/internal/tui/components/reposection/reposection.go:364.41,366.38 2 0
github.com/dlvhdr/gh-dash/v4/internal/tui/components/reposection/reposection.go:366.38,371.3 3 0
github.com/dlvhdr/gh-dash/v4/internal/tui/components/reposection/reposection.go:373.2,373.57 1 0
github.com/dlvhdr/gh-dash/v4/internal/tui/components/reposection/reposection.go:373.57,374.26 1 0
github.com/dlvhdr/gh-dash/v4/internal/tui/components/reposection/reposection.go:374.26,376.4 1 0
github.com/dlvhdr/gh-dash/v4/internal/tui/components/reposection/reposection.go:377.3,377.65 1 0
github.com/dlvhdr/gh-dash/v4/internal/tui/components/reposection/reposection.go:377.65,379.4 1 0
github.com/dlvhdr/gh-dash/v4/internal/tui/components/reposection/reposection.go:380.3,380.34 1 0
github.com/dlvhdr/gh-dash/v4/internal/tui/components/reposection/reposection.go:380.34,382.4 1 0
github.com/dlvhdr/gh-dash/v4/internal/tui/components/reposection/reposection.go:383.3,383.34 1 0
github.com/dlvhdr/gh-dash/v4/internal/tui/components/reposection/reposection.go:383.34,385.4 1 0
github.com/dlvhdr/gh-dash/v4/internal/tui/components/reposection/reposection.go:386.3,386.51 1 0
github.com/dlvhdr/gh-dash/v4/internal/tui/components/reposection/reposection.go:388.2,388.23 1 0
github.com/dlvhdr/gh-dash/v4/internal/tui/components/reposection/reposection.go:391.40,397.29 4 0
github.com/dlvhdr/gh-dash/v4/internal/tui/components/reposection/reposection.go:397.29,398.51 1 0
github.com/dlvhdr/gh-dash/v4/internal/tui/components/reposection/reposection.go:398.51,403.4 1 0
github.com/dlvhdr/gh-dash/v4/internal/tui/components/reposection/reposection.go:406.2,406.17 1 0
github.com/dlvhdr/gh-dash/v4/internal/tui/components/reposection/reposection.go:406.17,408.3 1 0
github.com/dlvhdr/gh-dash/v4/internal/tui/components/reposection/reposection.go:410.2,410.13 1 0
github.com/dlvhdr/gh-dash/v4/internal/tui/components/reposection/reposection.go:413.55,416.27 3 0
github.com/dlvhdr/gh-dash/v4/internal/tui/components/reposection/reposection.go:416.27,417.51 1 0
github.com/dlvhdr/gh-dash/v4/internal/tui/components/reposection/reposection.go:417.51,419.4 1 0
github.com/dlvhdr/gh-dash/v4/internal/tui/components/reposection/reposection.go:421.2,421.17 1 0
github.com/dlvhdr/gh-dash/v4/internal/tui/components/reposection/reposection.go:424.84,425.25 1 0
github.com/dlvhdr/gh-dash/v4/internal/tui/components/reposection/reposection.go:425.25,426.31 1 0
github.com/dlvhdr/gh-dash/v4/internal/tui/components/reposection/reposection.go:426.31,428.4 1 0
github.com/dlvhdr/gh-dash/v4/internal/tui/components/reposection/reposection.go:430.2,430.12 1 0
github.com/dlvhdr/gh-dash/v4/internal/tui/components/reposection/reposection.go:433.31,435.2 1 0
github.com/dlvhdr/gh-dash/v4/internal/tui/components/reposection/reposection.go:444.48,446.39 2 0
github.com/dlvhdr/gh-dash/v4/internal/tui/components/reposection/reposection.go:446.39,448.3 1 0
github.com/dlvhdr/gh-dash/v4/internal/tui/components/reposection/reposection.go:449.2,449.25 1 0
github.com/dlvhdr/gh-dash/v4/internal/tui/components/reposection/reposection.go:452.43,454.44 2 0
github.com/dlvhdr/gh-dash/v4/internal/tui/components/reposection/reposection.go:454.44,456.3 1 0
github.com/dlvhdr/gh-dash/v4/internal/tui/components/reposection/reposection.go:457.2,462.3 3 0
github.com/dlvhdr/gh-dash/v4/internal/tui/components/reposection/reposection.go:465.54,466.14 1 0
github.com/dlvhdr/gh-dash/v4/internal/tui/components/reposection/reposection.go:466.14,468.3 1 0
github.com/dlvhdr/gh-dash/v4/internal/tui/components/reposection/reposection.go:470.2,471.26 2 0
github.com/dlvhdr/gh-dash/v4/internal/tui/components/reposection/reposection.go:471.26,475.3 3 0
github.com/dlvhdr/gh-dash/v4/internal/tui/components/reposection/reposection.go:477.2,477.13 1 0
github.com/dlvhdr/gh-dash/v4/internal/tui/components/reposection/reposection.go:480.69,496.24 6 0
github.com/dlvhdr/gh-dash/v4/internal/tui/components/reposection/reposection.go:496.24,500.3 3 0
github.com/dlvhdr/gh-dash/v4/internal/tui/components/reposection/reposection.go:502.2,502.23 1 0
github.com/dlvhdr/gh-dash/v4/internal/tui/components/reposection/reposection.go:502.23,506.3 3 0
github.com/dlvhdr/gh-dash/v4/internal/tui/components/reposection/reposection.go:508.2,508.30 1 0
github.com/dlvhdr/gh-dash/v4/internal/tui/components/reposection/reposection.go:511.53,512.18 1 0
github.com/dlvhdr/gh-dash/v4/internal/tui/components/reposection/reposection.go:512.18,514.3 1 0
github.com/dlvhdr/gh-dash/v4/internal/tui/components/reposection/reposection.go:515.2,518.3 1 0
github.com/dlvhdr/gh-dash/v4/internal/tui/components/reposection/reposection.go:521.67,532.2 7 0
github.com/dlvhdr/gh-dash/v4/internal/tui/components/reposection/reposection.go:534.29,536.2 1 0
github.com/dlvhdr/gh-dash/v4/internal/tui/components/reposection/reposection.go:538.46,540.2 1 0
github.com/dlvhdr/gh-dash/v4/internal/tui/components/reposection/reposection.go:542.44,544.2 1 0
github.com/dlvhdr/gh-dash/v4/internal/tui/components/reposection/reposection.go:546.37,548.2 1 0
github.com/dlvhdr/gh-dash/v4/internal/tui/components/reposection/reposection.go:550.40,553.2 2 0
github.com/dlvhdr/gh-dash/v4/internal/tui/components/reposection/reposection.go:555.42,566.2 6 0
github.com/dlvhdr/gh-dash/v4/internal/tui/context/context.go:51.75,53.18 2 0
github.com/dlvhdr/gh-dash/v4/internal/tui/context/context.go:54.23,61.23 2 0
github.com/dlvhdr/gh-dash/v4/internal/tui/context/context.go:62.32,63.56 1 0
github.com/dlvhdr/gh-dash/v4/internal/tui/context/context.go:63.56,65.4 1 0
github.com/dlvhdr/gh-dash/v4/internal/tui/context/context.go:66.22,67.45 1 0
github.com/dlvhdr/gh-dash/v4/internal/tui/context/context.go:67.45,69.4 1 0
github.com/dlvhdr/gh-dash/v4/internal/tui/context/context.go:70.25,71.49 1 0
github.com/dlvhdr/gh-dash/v4/internal/tui/context/context.go:71.49,73.4 1 0
github.com/dlvhdr/gh-dash/v4/internal/tui/context/context.go:76.2,76.67 1 0
github.com/dlvhdr/gh-dash/v4/internal/tui/context/styles.go:92.43,247.2 49 0
github.com/dlvhdr/gh-dash/v4/internal/tui/components/sidebar/sidebar.go:23.23,34.2 1 0
github.com/dlvhdr/gh-dash/v4/internal/tui/components/sidebar/sidebar.go:36.53,37.27 1 0
github.com/dlvhdr/gh-dash/v4/internal/tui/components/sidebar/sidebar.go:38.18,39.10 1 0
github.com/dlvhdr/gh-dash/v4/internal/tui/components/sidebar/sidebar.go:40.45,41.29 1 0
github.com/dlvhdr/gh-dash/v4/internal/tui/components/sidebar/sidebar.go:43.43,44.27 1 0
github.com/dlvhdr/gh-dash/v4/internal/tui/components/sidebar/sidebar.go:48.2,48.15 1 0
github.com/dlvhdr/gh-dash/v4/internal/tui/components/sidebar/sidebar.go:51.30,52.15 1 0
github.com/dlvhdr/gh-dash/v4/internal/tui/components/sidebar/sidebar.go:52.15,54.3 1 0
github.com/dlvhdr/gh-dash/v4/internal/tui/components/sidebar/sidebar.go:56.2,62.18 3 0
github.com/dlvhdr/gh-dash/v4/internal/tui/components/sidebar/sidebar.go:62.18,66.3 1 0
github.com/dlvhdr/gh-dash/v4/internal/tui/components/sidebar/sidebar.go:68.2,73.4 1 0
github.com/dlvhdr/gh-dash/v4/internal/tui/components/sidebar/sidebar.go:76.41,79.2 2 0
github.com/dlvhdr/gh-dash/v4/internal/tui/components/sidebar/sidebar.go:81.46,82.41 1 0
github.com/dlvhdr/gh-dash/v4/internal/tui/components/sidebar/sidebar.go:82.41,84.3 1 0
github.com/dlvhdr/gh-dash/v4/internal/tui/components/sidebar/sidebar.go:85.2,85.75 1 0
github.com/dlvhdr/gh-dash/v4/internal/tui/components/sidebar/sidebar.go:88.31,90.2 1 0
github.com/dlvhdr/gh-dash/v4/internal/tui/components/sidebar/sidebar.go:92.34,94.2 1 0
github.com/dlvhdr/gh-dash/v4/internal/tui/components/sidebar/sidebar.go:96.50,100.2 3 0
github.com/dlvhdr/gh-dash/v4/internal/tui/components/sidebar/sidebar.go:102.67,103.16 1 0
github.com/dlvhdr/gh-dash/v4/internal/tui/components/sidebar/sidebar.go:103.16,105.3 1 0
github.com/dlvhdr/gh-dash/v4/internal/tui/components/sidebar/sidebar.go:106.2,108.49 3 0
github.com/dlvhdr/gh-dash/v4/internal/tui/testutils/utils.go:9.63,12.2 2 0
github.com/dlvhdr/gh-dash/v4/internal/tui/testutils/utils.go:53.45,55.16 2 0
github.com/dlvhdr/gh-dash/v4/internal/tui/testutils/utils.go:55.16,57.3 1 0
github.com/dlvhdr/gh-dash/v4/internal/tui/constants/errMsg.go:7.32,7.56 1 0
github.com/dlvhdr/gh-dash/v4/internal/tui/markdown/markdownRenderer.go:11.54,12.26 1 0
github.com/dlvhdr/gh-dash/v4/internal/tui/markdown/markdownRenderer.go:12.26,14.3 1 0
github.com/dlvhdr/gh-dash/v4/internal/tui/markdown/markdownRenderer.go:15.2,15.23 1 0
github.com/dlvhdr/gh-dash/v4/internal/tui/markdown/markdownRenderer.go:15.23,17.3 1 0
github.com/dlvhdr/gh-dash/v4/internal/tui/markdown/markdownRenderer.go:17.8,19.3 1 0
github.com/dlvhdr/gh-dash/v4/internal/tui/markdown/markdownRenderer.go:22.58,27.43 2 0
github.com/dlvhdr/gh-dash/v4/internal/tui/markdown/markdownRenderer.go:27.43,30.22 2 0
github.com/dlvhdr/gh-dash/v4/internal/tui/markdown/markdownRenderer.go:30.22,32.4 1 0
github.com/dlvhdr/gh-dash/v4/internal/tui/markdown/markdownRenderer.go:34.3,34.62 1 0
github.com/dlvhdr/gh-dash/v4/internal/tui/markdown/markdownRenderer.go:37.2,37.26 1 0
github.com/dlvhdr/gh-dash/v4/internal/tui/markdown/theme.go:242.28,242.41 1 0
github.com/dlvhdr/gh-dash/v4/internal/tui/markdown/theme.go:244.34,244.47 1 0
github.com/dlvhdr/gh-dash/v4/internal/tui/markdown/theme.go:246.28,246.41 1 0
